Release 13.4 - xst O.87xd (nt64)
Copyright (c) 1995-2011 Xilinx, Inc.  All rights reserved.
--> Parameter TMPDIR set to xst/projnav.tmp


Total REAL time to Xst completion: 0.00 secs
Total CPU time to Xst completion: 0.16 secs
 
--> Parameter xsthdpdir set to xst


Total REAL time to Xst completion: 0.00 secs
Total CPU time to Xst completion: 0.16 secs
 
--> Reading design: alu_nbit.prj

TABLE OF CONTENTS
  1) Synthesis Options Summary
  2) HDL Parsing
  3) HDL Elaboration
  4) HDL Synthesis
       4.1) HDL Synthesis Report
  5) Advanced HDL Synthesis
       5.1) Advanced HDL Synthesis Report
  6) Low Level Synthesis
  7) Partition Report
  8) Design Summary
       8.1) Primitive and Black Box Usage
       8.2) Device utilization summary
       8.3) Partition Resource Summary
       8.4) Timing Report
            8.4.1) Clock Information
            8.4.2) Asynchronous Control Signals Information
            8.4.3) Timing Summary
            8.4.4) Timing Details
            8.4.5) Cross Clock Domains Report


=========================================================================
*                      Synthesis Options Summary                        *
=========================================================================
---- Source Parameters
Input File Name                    : "alu_nbit.prj"
Ignore Synthesis Constraint File   : NO

---- Target Parameters
Output File Name                   : "alu_nbit"
Output Format                      : NGC
Target Device                      : xc6slx45-3-fgg484

---- Source Options
Top Module Name                    : alu_nbit
Automatic FSM Extraction           : YES
FSM Encoding Algorithm             : Auto
Safe Implementation                : No
FSM Style                          : LUT
RAM Extraction                     : Yes
RAM Style                          : Auto
ROM Extraction                     : Yes
Shift Register Extraction          : YES
ROM Style                          : Auto
Resource Sharing                   : YES
Asynchronous To Synchronous        : NO
Shift Register Minimum Size        : 2
Use DSP Block                      : Auto
Automatic Register Balancing       : No

---- Target Options
LUT Combining                      : Auto
Reduce Control Sets                : Auto
Add IO Buffers                     : YES
Global Maximum Fanout              : 100000
Add Generic Clock Buffer(BUFG)     : 16
Register Duplication               : YES
Optimize Instantiated Primitives   : NO
Use Clock Enable                   : Auto
Use Synchronous Set                : Auto
Use Synchronous Reset              : Auto
Pack IO Registers into IOBs        : Auto
Equivalent register Removal        : YES

---- General Options
Optimization Goal                  : Speed
Optimization Effort                : 1
Power Reduction                    : NO
Keep Hierarchy                     : No
Netlist Hierarchy                  : As_Optimized
RTL Output                         : Yes
Global Optimization                : AllClockNets
Read Cores                         : YES
Write Timing Constraints           : NO
Cross Clock Analysis               : NO
Hierarchy Separator                : /
Bus Delimiter                      : <>
Case Specifier                     : Maintain
Slice Utilization Ratio            : 100
BRAM Utilization Ratio             : 100
DSP48 Utilization Ratio            : 100
Auto BRAM Packing                  : NO
Slice Utilization Ratio Delta      : 5

=========================================================================

INFO:Xst - Part-select index evaluated to out of bound value may lead to incorrect synthesis results; it is recommended not to use them in RTL

=========================================================================
*                          HDL Parsing                                  *
=========================================================================
Analyzing Verilog file "C:\Users\jahend6\Documents\School\EE480\Alex\DVHW4\n_bit_alu_generate\mux_4_1_behavioral.v" into library work
Parsing module <mux_4_1_behavioral>.
Analyzing Verilog file "C:\Users\jahend6\Documents\School\EE480\Alex\DVHW4\n_bit_alu_generate\mux_2-1_rtl.v" into library work
Parsing module <mux_2_1_rtl>.
Analyzing Verilog file "C:\Users\jahend6\Documents\School\EE480\Alex\DVHW4\n_bit_alu_generate\bfa_gate.v" into library work
Parsing module <bfa_gate>.
Analyzing Verilog file "C:\Users\jahend6\Documents\School\EE480\Alex\DVHW4\n_bit_alu_generate\alu_bitslice.v" into library work
Parsing module <alu_bitslice>.
Analyzing Verilog file "C:\Users\jahend6\Documents\School\EE480\Alex\DVHW4\n_bit_alu_generate\n_bit_alu_generate.v" into library work
Parsing module <alu_nbit>.

=========================================================================
*                            HDL Elaboration                            *
=========================================================================

Elaborating module <alu_nbit>.

Elaborating module <alu_bitslice>.

Elaborating module <mux_2_1_rtl>.

Elaborating module <bfa_gate>.

Elaborating module <mux_4_1_behavioral>.

=========================================================================
*                           HDL Synthesis                               *
=========================================================================

Synthesizing Unit <alu_nbit>.
    Related source file is "c:/users/jahend6/documents/school/ee480/alex/dvhw4/n_bit_alu_generate/n_bit_alu_generate.v".
        n = 4
WARNING:Xst:737 - Found 1-bit latch for signal <Z>. Latches may be generated from incomplete case or if statements. We do not recommend the use of latches in FPGA/CPLD designs, as they may lead to timing problems.
    Summary:
	inferred   1 Latch(s).
Unit <alu_nbit> synthesized.

Synthesizing Unit <alu_bitslice>.
    Related source file is "c:/users/jahend6/documents/school/ee480/alex/dvhw4/n_bit_alu_generate/alu_bitslice.v".
    Summary:
	no macro.
Unit <alu_bitslice> synthesized.

Synthesizing Unit <mux_2_1_rtl>.
    Related source file is "c:/users/jahend6/documents/school/ee480/alex/dvhw4/n_bit_alu_generate/mux_2-1_rtl.v".
    Summary:
	no macro.
Unit <mux_2_1_rtl> synthesized.

Synthesizing Unit <bfa_gate>.
    Related source file is "c:/users/jahend6/documents/school/ee480/alex/dvhw4/n_bit_alu_generate/bfa_gate.v".
    Summary:
Unit <bfa_gate> synthesized.

Synthesizing Unit <mux_4_1_behavioral>.
    Related source file is "c:/users/jahend6/documents/school/ee480/alex/dvhw4/n_bit_alu_generate/mux_4_1_behavioral.v".
    Found 1-bit 4-to-1 multiplexer for signal <out> created at line 35.
    Summary:
	inferred   1 Multiplexer(s).
Unit <mux_4_1_behavioral> synthesized.

=========================================================================
HDL Synthesis Report

Macro Statistics
# Latches                                              : 1
 1-bit latch                                           : 1
# Multiplexers                                         : 4
 1-bit 4-to-1 multiplexer                              : 4
# Xors                                                 : 9
 1-bit xor2                                            : 9

=========================================================================

=========================================================================
*                       Advanced HDL Synthesis                          *
=========================================================================

WARNING:Xst:1426 - The value init of the FF/Latch Z hinder the constant cleaning in the block alu_nbit.
   You should achieve better results by setting this init to 0.

=========================================================================
Advanced HDL Synthesis Report

Macro Statistics
# Multiplexers                                         : 4
 1-bit 4-to-1 multiplexer                              : 4
# Xors                                                 : 9
 1-bit xor2                                            : 9

=========================================================================

=========================================================================
*                         Low Level Synthesis                           *
=========================================================================
WARNING:Xst:1426 - The value init of the FF/Latch Z hinder the constant cleaning in the block alu_nbit.
   You should achieve better results by setting this init to 0.
WARNING:Xst:3002 - This design contains one or more registers/latches that are directly
   incompatible with the Spartan6 architecture. The two primary causes of this is
   either a register or latch described with both an asynchronous set and
   asynchronous reset, or a register or latch described with an asynchronous
   set or reset which however has an initialization value of the opposite 
   polarity (i.e. asynchronous reset with an initialization value of 1).
    While this circuit can be built, it creates a sub-optimal implementation
   in terms of area, power and performance. For a more optimal implementation
   Xilinx highly recommends one of the following:

          1) Remove either the set or reset from all registers and latches
             if not needed for required functionality
          2) Modify the code in order to produce a synchronous set
             and/or reset (both is preferred)
          3) Ensure all registers have the same initialization value as the
             described asynchronous set or reset polarity
          4) Use the -async_to_sync option to transform the asynchronous
             set/reset to synchronous operation
             (timing simulation highly recommended when using this option)

  Please refer to http://www.xilinx.com search string "Spartan6 asynchronous set/reset" for more details.

  List of register instances with asynchronous set or reset and opposite initialization value:
    Z in unit <alu_nbit>


Optimizing unit <alu_nbit> ...

Mapping all equations...
Building and optimizing final netlist ...
Found area constraint ratio of 100 (+ 5) on block alu_nbit, actual ratio is 0.
WARNING:Xst:1426 - The value init of the FF/Latch Z hinder the constant cleaning in the block alu_nbit.
   You should achieve better results by setting this init to 0.

Final Macro Processing ...

=========================================================================
Final Register Report

Found no macro
=========================================================================

=========================================================================
*                           Partition Report                            *
=========================================================================

Partition Implementation Status
-------------------------------

  No Partitions were found in this design.

-------------------------------

=========================================================================
*                            Design Summary                             *
=========================================================================

Top Level Output File Name         : alu_nbit.ngc

Primitive and Black Box Usage:
------------------------------
# BELS                             : 13
#      GND                         : 1
#      LUT4                        : 2
#      LUT6                        : 9
#      MUXF7                       : 1
# FlipFlops/Latches                : 1
#      LD                          : 1
# IO Buffers                       : 19
#      IBUF                        : 12
#      OBUF                        : 7

Device utilization summary:
---------------------------

Selected Device : 6slx45fgg484-3 


Slice Logic Utilization: 
 Number of Slice LUTs:                   11  out of  27288     0%  
    Number used as Logic:                11  out of  27288     0%  

Slice Logic Distribution: 
 Number of LUT Flip Flop pairs used:     11
   Number with an unused Flip Flop:      11  out of     11   100%  
   Number with an unused LUT:             0  out of     11     0%  
   Number of fully used LUT-FF pairs:     0  out of     11     0%  
   Number of unique control sets:         1

IO Utilization: 
 Number of IOs:                          19
 Number of bonded IOBs:                  19  out of    316     6%  
    IOB Flip Flops/Latches:               1

Specific Feature Utilization:

---------------------------
Partition Resource Summary:
---------------------------

  No Partitions were found in this design.

---------------------------


=========================================================================
Timing Report

NOTE: THESE TIMING NUMBERS ARE ONLY A SYNTHESIS ESTIMATE.
      FOR ACCURATE TIMING INFORMATION PLEASE REFER TO THE TRACE REPORT
      GENERATED AFTER PLACE-and-ROUTE.

Clock Information:
------------------
------------------------------------+------------------------+-------+
Clock Signal                        | Clock buffer(FF name)  | Load  |
------------------------------------+------------------------+-------+
Z_G(alu_out[3]_alu_out[2]_OR_6_o1:O)| NONE(*)(Z)             | 1     |
------------------------------------+------------------------+-------+
(*) This 1 clock signal(s) are generated by combinatorial logic,
and XST is not able to identify which are the primary clock signals.
Please use the CLOCK_SIGNAL constraint to specify the clock signal(s) generated by combinatorial logic.
INFO:Xst:2169 - HDL ADVISOR - Some clock signals were not automatically buffered by XST with BUFG/BUFR resources. Please use the buffer_type constraint in order to insert these buffers to the clock signals to help prevent skew problems.

Asynchronous Control Signals Information:
----------------------------------------
No asynchronous control signals found in this design

Timing Summary:
---------------
Speed Grade: -3

   Minimum period: No path found
   Minimum input arrival time before clock: No path found
   Maximum output required time after clock: 3.648ns
   Maximum combinational path delay: 7.715ns

Timing Details:
---------------
All values displayed in nanoseconds (ns)

=========================================================================
Timing constraint: Default OFFSET OUT AFTER for Clock 'Z_G'
  Total number of paths / destination ports: 1 / 1
-------------------------------------------------------------------------
Offset:              3.648ns (Levels of Logic = 1)
  Source:            Z (LATCH)
  Destination:       Z (PAD)
  Source Clock:      Z_G falling

  Data Path: Z to Z
                                Gate     Net
    Cell:in->out      fanout   Delay   Delay  Logical Name (Net Name)
    ----------------------------------------  ------------
     LD:G->Q               1   0.498   0.579  Z (Z_OBUF)
     OBUF:I->O                 2.571          Z_OBUF (Z)
    ----------------------------------------
    Total                      3.648ns (3.069ns logic, 0.579ns route)
                                       (84.1% logic, 15.9% route)

=========================================================================
Timing constraint: Default path analysis
  Total number of paths / destination ports: 71 / 6
-------------------------------------------------------------------------
Delay:               7.715ns (Levels of Logic = 5)
  Source:            ctrl<0> (PAD)
  Destination:       alu_out<3> (PAD)

  Data Path: ctrl<0> to alu_out<3>
                                Gate     Net
    Cell:in->out      fanout   Delay   Delay  Logical Name (Net Name)
    ----------------------------------------  ------------
     IBUF:I->O            10   1.222   1.201  ctrl_0_IBUF (ctrl_0_IBUF)
     LUT6:I1->O            4   0.203   0.912  submit[1].ALU_slice/BFA/cout1 (w_c<2>)
     LUT4:I1->O            1   0.205   0.580  submit[2].ALU_slice/BFA/cout1 (w_c<3>)
     LUT6:I5->O            2   0.205   0.616  submit[3].ALU_slice/MUX_4x1/Mmux_out11 (alu_out_3_OBUF)
     OBUF:I->O                 2.571          alu_out_3_OBUF (alu_out<3>)
    ----------------------------------------
    Total                      7.715ns (4.406ns logic, 3.309ns route)
                                       (57.1% logic, 42.9% route)

=========================================================================

Cross Clock Domains Report:
--------------------------

=========================================================================


Total REAL time to Xst completion: 8.00 secs
Total CPU time to Xst completion: 7.92 secs
 
--> 

Total memory usage is 255368 kilobytes

Number of errors   :    0 (   0 filtered)
Number of warnings :    5 (   0 filtered)
Number of infos    :    2 (   0 filtered)

