Release 13.4 - xst O.87xd (nt64)
Copyright (c) 1995-2011 Xilinx, Inc.  All rights reserved.
--> Parameter TMPDIR set to xst/projnav.tmp


Total REAL time to Xst completion: 0.00 secs
Total CPU time to Xst completion: 0.08 secs
 
--> Parameter xsthdpdir set to xst


Total REAL time to Xst completion: 0.00 secs
Total CPU time to Xst completion: 0.08 secs
 
--> Reading design: processor.prj

TABLE OF CONTENTS
  1) Synthesis Options Summary
  2) HDL Parsing
  3) HDL Elaboration
  4) HDL Synthesis
       4.1) HDL Synthesis Report
  5) Advanced HDL Synthesis
       5.1) Advanced HDL Synthesis Report
  6) Low Level Synthesis
  7) Partition Report
  8) Design Summary
       8.1) Primitive and Black Box Usage
       8.2) Device utilization summary
       8.3) Partition Resource Summary
       8.4) Timing Report
            8.4.1) Clock Information
            8.4.2) Asynchronous Control Signals Information
            8.4.3) Timing Summary
            8.4.4) Timing Details
            8.4.5) Cross Clock Domains Report


=========================================================================
*                      Synthesis Options Summary                        *
=========================================================================
---- Source Parameters
Input File Name                    : "processor.prj"
Ignore Synthesis Constraint File   : NO

---- Target Parameters
Output File Name                   : "processor"
Output Format                      : NGC
Target Device                      : xc6slx45-2-fgg484

---- Source Options
Top Module Name                    : processor
Automatic FSM Extraction           : YES
FSM Encoding Algorithm             : One-Hot
Safe Implementation                : No
FSM Style                          : LUT
RAM Extraction                     : Yes
RAM Style                          : Auto
ROM Extraction                     : Yes
Shift Register Extraction          : YES
ROM Style                          : Auto
Resource Sharing                   : YES
Asynchronous To Synchronous        : NO
Shift Register Minimum Size        : 2
Use DSP Block                      : Auto
Automatic Register Balancing       : No

---- Target Options
LUT Combining                      : Auto
Reduce Control Sets                : Auto
Add IO Buffers                     : YES
Global Maximum Fanout              : 100000
Add Generic Clock Buffer(BUFG)     : 16
Register Duplication               : YES
Optimize Instantiated Primitives   : NO
Use Clock Enable                   : Auto
Use Synchronous Set                : Auto
Use Synchronous Reset              : Auto
Pack IO Registers into IOBs        : Auto
Equivalent register Removal        : YES

---- General Options
Optimization Goal                  : Speed
Optimization Effort                : 1
Power Reduction                    : NO
Keep Hierarchy                     : No
Netlist Hierarchy                  : As_Optimized
RTL Output                         : Yes
Global Optimization                : AllClockNets
Read Cores                         : YES
Write Timing Constraints           : NO
Cross Clock Analysis               : NO
Hierarchy Separator                : /
Bus Delimiter                      : <>
Case Specifier                     : Maintain
Slice Utilization Ratio            : 100
BRAM Utilization Ratio             : 100
DSP48 Utilization Ratio            : 100
Auto BRAM Packing                  : NO
Slice Utilization Ratio Delta      : 5

=========================================================================

INFO:Xst - Part-select index evaluated to out of bound value may lead to incorrect synthesis results; it is recommended not to use them in RTL

=========================================================================
*                          HDL Parsing                                  *
=========================================================================
Analyzing Verilog file "D:\Users\Hendren\My Documents\School\EE480\Project\Modules\pri_encoder_4_2.v" into library work
Parsing module <pri_encoder_4_2>.
Analyzing Verilog file "D:\Users\Hendren\My Documents\School\EE480\Project\Modules\mux_4_1.v" into library work
Parsing module <mux_4_1>.
Analyzing Verilog file "D:\Users\Hendren\My Documents\School\EE480\Project\Modules\ld_st_reg.v" into library work
Parsing module <ld_st_reg>.
Analyzing Verilog file "D:\Users\Hendren\My Documents\School\EE480\Project\Modules\stage0.v" into library work
Parsing module <stage0>.
Analyzing Verilog file "D:\Users\Hendren\My Documents\School\EE480\Project\Modules\stack.v" into library work
Parsing module <stack>.
Analyzing Verilog file "D:\Users\Hendren\My Documents\School\EE480\Project\Modules\pc_nbit.v" into library work
Parsing module <nbit_pc>.
Analyzing Verilog file "D:\Users\Hendren\My Documents\School\EE480\Project\Modules\MHVPIS.v" into library work
Parsing module <MHVPIS>.
Analyzing Verilog file "D:\Users\Hendren\My Documents\School\EE480\Project\Modules\iRam.v" into library work
Parsing module <ram>.
Analyzing Verilog file "D:\Users\Hendren\My Documents\School\EE480\Project\Modules\processor\processor.v" into library work
Parsing module <processor>.

=========================================================================
*                            HDL Elaboration                            *
=========================================================================
WARNING:HDLCompiler:1016 - "D:\Users\Hendren\My Documents\School\EE480\Project\Modules\processor\processor.v" Line 119: Port sel is not connected to this instance

Elaborating module <processor>.

Elaborating module <stage0>.
WARNING:HDLCompiler:1127 - "D:\Users\Hendren\My Documents\School\EE480\Project\Modules\processor\processor.v" Line 75: Assignment to stg0_state ignored, since the identifier is never used

Elaborating module <MHVPIS>.
WARNING:HDLCompiler:872 - "D:\Users\Hendren\My Documents\School\EE480\Project\Modules\MHVPIS.v" Line 36: Using initial value of isr_addr1 since it is never assigned

Elaborating module <ld_st_reg>.
WARNING:HDLCompiler:189 - "D:\Users\Hendren\My Documents\School\EE480\Project\Modules\MHVPIS.v" Line 52: Size mismatch in connection of port <clk>. Formal port size is 1-bit while actual signal size is 4-bit.
WARNING:HDLCompiler:189 - "D:\Users\Hendren\My Documents\School\EE480\Project\Modules\MHVPIS.v" Line 54: Size mismatch in connection of port <clk>. Formal port size is 1-bit while actual signal size is 4-bit.

Elaborating module <pri_encoder_4_2>.

Elaborating module <mux_4_1>.

Elaborating module <nbit_pc>.
WARNING:HDLCompiler:413 - "D:\Users\Hendren\My Documents\School\EE480\Project\Modules\pc_nbit.v" Line 36: Result of 9-bit expression is truncated to fit in 8-bit target.
WARNING:HDLCompiler:413 - "D:\Users\Hendren\My Documents\School\EE480\Project\Modules\pc_nbit.v" Line 37: Result of 9-bit expression is truncated to fit in 8-bit target.

Elaborating module <stack>.
WARNING:HDLCompiler:413 - "D:\Users\Hendren\My Documents\School\EE480\Project\Modules\stack.v" Line 65: Result of 5-bit expression is truncated to fit in 4-bit target.
WARNING:HDLCompiler:413 - "D:\Users\Hendren\My Documents\School\EE480\Project\Modules\stack.v" Line 79: Result of 32-bit expression is truncated to fit in 4-bit target.
WARNING:HDLCompiler:1127 - "D:\Users\Hendren\My Documents\School\EE480\Project\Modules\processor\processor.v" Line 99: Assignment to ir1_1_out ignored, since the identifier is never used

Elaborating module <ram>.
WARNING:HDLCompiler:1127 - "D:\Users\Hendren\My Documents\School\EE480\Project\Modules\processor\processor.v" Line 117: Assignment to CP8_9 ignored, since the identifier is never used
WARNING:HDLCompiler:634 - "D:\Users\Hendren\My Documents\School\EE480\Project\Modules\processor\processor.v" Line 32: Net <stg1_state> does not have a driver.
WARNING:HDLCompiler:634 - "D:\Users\Hendren\My Documents\School\EE480\Project\Modules\processor\processor.v" Line 43: Net <itr_in[3]> does not have a driver.
WARNING:HDLCompiler:634 - "D:\Users\Hendren\My Documents\School\EE480\Project\Modules\processor\processor.v" Line 51: Net <ir1_0_s> does not have a driver.
WARNING:HDLCompiler:634 - "D:\Users\Hendren\My Documents\School\EE480\Project\Modules\processor\processor.v" Line 61: Net <pc_in[7]> does not have a driver.
WARNING:HDLCompiler:634 - "D:\Users\Hendren\My Documents\School\EE480\Project\Modules\processor\processor.v" Line 74: Net <ccr_z> does not have a driver.
WARNING:HDLCompiler:552 - "D:\Users\Hendren\My Documents\School\EE480\Project\Modules\processor\processor.v" Line 119: Input port sel[1] is not connected on this instance
WARNING:Xst:2972 - "d:/users/hendren/my documents/school/ee480/project/modules/processor/processor.v" line 74. All outputs of instance <controller0> of block <stage0> are unconnected in block <processor>. Underlying logic will be removed.
WARNING:Xst:2972 - "d:/users/hendren/my documents/school/ee480/project/modules/processor/processor.v" line 81. All outputs of instance <ITR_SYSTEM> of block <MHVPIS> are unconnected in block <processor>. Underlying logic will be removed.
WARNING:Xst:2972 - "d:/users/hendren/my documents/school/ee480/project/modules/processor/processor.v" line 89. All outputs of instance <PC> of block <nbit_pc> are unconnected in block <processor>. Underlying logic will be removed.
WARNING:Xst:2972 - "d:/users/hendren/my documents/school/ee480/project/modules/processor/processor.v" line 92. All outputs of instance <PC_STACK> of block <stack> are unconnected in block <processor>. Underlying logic will be removed.
WARNING:Xst:2972 - "d:/users/hendren/my documents/school/ee480/project/modules/processor/processor.v" line 97. All outputs of instance <IR1_0> of block <ld_st_reg> are unconnected in block <processor>. Underlying logic will be removed.
WARNING:Xst:2972 - "d:/users/hendren/my documents/school/ee480/project/modules/processor/processor.v" line 98. All outputs of instance <IR0_0> of block <ld_st_reg> are unconnected in block <processor>. Underlying logic will be removed.
WARNING:Xst:2972 - "d:/users/hendren/my documents/school/ee480/project/modules/processor/processor.v" line 99. All outputs of instance <IR1_1> of block <ld_st_reg> are unconnected in block <processor>. Underlying logic will be removed.
WARNING:Xst:2972 - "d:/users/hendren/my documents/school/ee480/project/modules/processor/processor.v" line 100. All outputs of instance <IR0_1> of block <ld_st_reg> are unconnected in block <processor>. Underlying logic will be removed.
WARNING:Xst:2972 - "d:/users/hendren/my documents/school/ee480/project/modules/processor/processor.v" line 107. All outputs of instance <iRAM> of block <ram> are unconnected in block <processor>. Underlying logic will be removed.
WARNING:Xst:2972 - "d:/users/hendren/my documents/school/ee480/project/modules/processor/processor.v" line 119. All outputs of instance <MUX_PC> of block <mux_4_1> are unconnected in block <processor>. Underlying logic will be removed.

=========================================================================
*                           HDL Synthesis                               *
=========================================================================

Synthesizing Unit <processor>.
    Related source file is "d:/users/hendren/my documents/school/ee480/project/modules/processor/processor.v".
WARNING:Xst:2898 - Port 'sel', unconnected in block instance 'MUX_PC', is tied to GND.
WARNING:Xst:647 - Input <in_dev_hs> is never used. This port will be preserved and left unconnected if it belongs to a top-level block or it belongs to a sub-block and the hierarchy of this sub-block is preserved.
WARNING:Xst:647 - Input <out_dev_hs> is never used. This port will be preserved and left unconnected if it belongs to a top-level block or it belongs to a sub-block and the hierarchy of this sub-block is preserved.
WARNING:Xst:647 - Input <out_dev_ack> is never used. This port will be preserved and left unconnected if it belongs to a top-level block or it belongs to a sub-block and the hierarchy of this sub-block is preserved.
INFO:Xst:3210 - "d:/users/hendren/my documents/school/ee480/project/modules/processor/processor.v" line 74: Output port <stg0_state> of the instance <controller0> is unconnected or connected to loadless signal.
INFO:Xst:3210 - "d:/users/hendren/my documents/school/ee480/project/modules/processor/processor.v" line 99: Output port <out> of the instance <IR1_1> is unconnected or connected to loadless signal.
INFO:Xst:3210 - "d:/users/hendren/my documents/school/ee480/project/modules/processor/processor.v" line 119: Output port <out> of the instance <MUX_PC> is unconnected or connected to loadless signal.
WARNING:Xst:653 - Signal <itr_in> is used but never assigned. This sourceless signal will be automatically connected to value GND.
WARNING:Xst:653 - Signal <itr_mask> is used but never assigned. This sourceless signal will be automatically connected to value GND.
WARNING:Xst:653 - Signal <pc_in> is used but never assigned. This sourceless signal will be automatically connected to value GND.
WARNING:Xst:653 - Signal <stg1_state> is used but never assigned. This sourceless signal will be automatically connected to value GND.
WARNING:Xst:653 - Signal <ir1_0_s> is used but never assigned. This sourceless signal will be automatically connected to value GND.
WARNING:Xst:653 - Signal <ir0_0_s> is used but never assigned. This sourceless signal will be automatically connected to value GND.
WARNING:Xst:653 - Signal <ir1_1_s> is used but never assigned. This sourceless signal will be automatically connected to value GND.
WARNING:Xst:653 - Signal <ir0_1_s> is used but never assigned. This sourceless signal will be automatically connected to value GND.
WARNING:Xst:653 - Signal <ccr_z> is used but never assigned. This sourceless signal will be automatically connected to value GND.
    Summary:
	no macro.
Unit <processor> synthesized.

Synthesizing Unit <ld_st_reg>.
    Related source file is "d:/users/hendren/my documents/school/ee480/project/modules/ld_st_reg.v".
        n = 8
    Found 1-bit register for signal <out<7>>.
    Found 1-bit register for signal <out<6>>.
    Found 1-bit register for signal <out<5>>.
    Found 1-bit register for signal <out<4>>.
    Found 1-bit register for signal <out<3>>.
    Found 1-bit register for signal <out<2>>.
    Found 1-bit register for signal <out<1>>.
    Found 1-bit register for signal <out<0>>.
    Summary:
	inferred   8 D-type flip-flop(s).
Unit <ld_st_reg> synthesized.

Synthesizing Unit <pri_encoder_4_2>.
    Related source file is "d:/users/hendren/my documents/school/ee480/project/modules/pri_encoder_4_2.v".
    Summary:
	no macro.
Unit <pri_encoder_4_2> synthesized.

Synthesizing Unit <mux_4_1>.
    Related source file is "d:/users/hendren/my documents/school/ee480/project/modules/mux_4_1.v".
    Summary:
	no macro.
Unit <mux_4_1> synthesized.

=========================================================================
HDL Synthesis Report

Found no macro
=========================================================================

=========================================================================
*                       Advanced HDL Synthesis                          *
=========================================================================


=========================================================================
Advanced HDL Synthesis Report

Found no macro
=========================================================================

=========================================================================
*                         Low Level Synthesis                           *
=========================================================================

Optimizing unit <processor> ...

Mapping all equations...
Building and optimizing final netlist ...
Found area constraint ratio of 100 (+ 5) on block processor, actual ratio is 0.

Final Macro Processing ...

=========================================================================
Final Register Report

Found no macro
=========================================================================

=========================================================================
*                           Partition Report                            *
=========================================================================

Partition Implementation Status
-------------------------------

  No Partitions were found in this design.

-------------------------------

=========================================================================
*                            Design Summary                             *
=========================================================================

Top Level Output File Name         : processor.ngc

Primitive and Black Box Usage:
------------------------------

Device utilization summary:
---------------------------

Selected Device : 6slx45fgg484-2 


Slice Logic Utilization: 

Slice Logic Distribution: 
 Number of LUT Flip Flop pairs used:      0
   Number with an unused Flip Flop:       0  out of      0         
   Number with an unused LUT:             0  out of      0         
   Number of fully used LUT-FF pairs:     0  out of      0         
   Number of unique control sets:         0

IO Utilization: 
 Number of IOs:                           6
 Number of bonded IOBs:                   0  out of    316     0%  

Specific Feature Utilization:

---------------------------
Partition Resource Summary:
---------------------------

  No Partitions were found in this design.

---------------------------


=========================================================================
Timing Report

NOTE: THESE TIMING NUMBERS ARE ONLY A SYNTHESIS ESTIMATE.
      FOR ACCURATE TIMING INFORMATION PLEASE REFER TO THE TRACE REPORT
      GENERATED AFTER PLACE-and-ROUTE.

Clock Information:
------------------
No clock signals found in this design

Asynchronous Control Signals Information:
----------------------------------------
No asynchronous control signals found in this design

Timing Summary:
---------------
Speed Grade: -2

   Minimum period: No path found
   Minimum input arrival time before clock: No path found
   Maximum output required time after clock: No path found
   Maximum combinational path delay: No path found

Timing Details:
---------------
All values displayed in nanoseconds (ns)

=========================================================================

Cross Clock Domains Report:
--------------------------

=========================================================================


Total REAL time to Xst completion: 4.00 secs
Total CPU time to Xst completion: 4.38 secs
 
--> 

Total memory usage is 258968 kilobytes

Number of errors   :    0 (   0 filtered)
Number of warnings :   40 (   0 filtered)
Number of infos    :    4 (   0 filtered)

