Release 13.4 Map O.87xd (nt64)
Xilinx Mapping Report File for Design 'processor'

Design Information
------------------
Command Line   : map -intstyle ise -p xc7a8-csg324-2 -w -logic_opt off -ol high
-t 1 -xt 0 -register_duplication off -r 4 -mt off -ir off -pr off -x -lc off
-power off -o processor_map.ncd processor.ngd processor.pcf 
Target Device  : xc7a8
Target Package : csg324
Target Speed   : -2
Mapper Version : artix7 -- $Revision: 1.55 $
Mapped Date    : Tue Apr 23 00:05:38 2013

Design Summary
--------------
Number of errors   :   1
Number of warnings :   0

Section 1 - Errors
------------------
ERROR:Security:11 - No 'xc7a8' feature version 2012.01 was available for 'ISE',
ERROR:Map:258 - A problem was encountered attempting to get the license for this
   architecture. 

Section 2 - Warnings
--------------------
WARNING:Security:43 - No license file was found in the standard Xilinx license
directory.
WARNING:Security:44 - Since no license file was found,

Section 3 - Informational
-------------------------
INFO:Security:50 - The XILINXD_LICENSE_FILE environment variable is set to
'2100@beagle.ecc.engr.uky.edu'.
INFO:Security:52 - The LM_LICENSE_FILE environment variable is set to
'27000@beagle.ecc.engr.uky.edu;2100@beagle.ecc.engr.uky.edu'.
INFO:Security:54 - 'xc7a8' is a Beta WebPack part.
INFO:Security:54b - Beta part 'xc7a8' is not eligible for a WebPack license.
INFO:Security:68a - user is Hendren, on host HENDRENDESKTOP.
