Release 13.4 - xst O.87xd (nt64)
Copyright (c) 1995-2011 Xilinx, Inc.  All rights reserved.
--> Parameter TMPDIR set to xst/projnav.tmp


Total REAL time to Xst completion: 0.00 secs
Total CPU time to Xst completion: 0.06 secs
 
--> Parameter xsthdpdir set to xst


Total REAL time to Xst completion: 0.00 secs
Total CPU time to Xst completion: 0.06 secs
 
--> Reading design: MHVPIS.prj

TABLE OF CONTENTS
  1) Synthesis Options Summary
  2) HDL Parsing
  3) HDL Elaboration
  4) HDL Synthesis
       4.1) HDL Synthesis Report
  5) Advanced HDL Synthesis
       5.1) Advanced HDL Synthesis Report
  6) Low Level Synthesis
  7) Partition Report
  8) Design Summary
       8.1) Primitive and Black Box Usage
       8.2) Device utilization summary
       8.3) Partition Resource Summary
       8.4) Timing Report
            8.4.1) Clock Information
            8.4.2) Asynchronous Control Signals Information
            8.4.3) Timing Summary
            8.4.4) Timing Details
            8.4.5) Cross Clock Domains Report


=========================================================================
*                      Synthesis Options Summary                        *
=========================================================================
---- Source Parameters
Input File Name                    : "MHVPIS.prj"
Ignore Synthesis Constraint File   : NO

---- Target Parameters
Output File Name                   : "MHVPIS"
Output Format                      : NGC
Target Device                      : xc6slx45-2-fgg484

---- Source Options
Top Module Name                    : MHVPIS
Automatic FSM Extraction           : YES
FSM Encoding Algorithm             : Auto
Safe Implementation                : No
FSM Style                          : LUT
RAM Extraction                     : Yes
RAM Style                          : Auto
ROM Extraction                     : Yes
Shift Register Extraction          : YES
ROM Style                          : Auto
Resource Sharing                   : YES
Asynchronous To Synchronous        : NO
Shift Register Minimum Size        : 2
Use DSP Block                      : Auto
Automatic Register Balancing       : No

---- Target Options
LUT Combining                      : Auto
Reduce Control Sets                : Auto
Add IO Buffers                     : YES
Global Maximum Fanout              : 100000
Add Generic Clock Buffer(BUFG)     : 16
Register Duplication               : YES
Optimize Instantiated Primitives   : NO
Use Clock Enable                   : Auto
Use Synchronous Set                : Auto
Use Synchronous Reset              : Auto
Pack IO Registers into IOBs        : Auto
Equivalent register Removal        : YES

---- General Options
Optimization Goal                  : Speed
Optimization Effort                : 1
Power Reduction                    : NO
Keep Hierarchy                     : No
Netlist Hierarchy                  : As_Optimized
RTL Output                         : Yes
Global Optimization                : AllClockNets
Read Cores                         : YES
Write Timing Constraints           : NO
Cross Clock Analysis               : NO
Hierarchy Separator                : /
Bus Delimiter                      : <>
Case Specifier                     : Maintain
Slice Utilization Ratio            : 100
BRAM Utilization Ratio             : 100
DSP48 Utilization Ratio            : 100
Auto BRAM Packing                  : NO
Slice Utilization Ratio Delta      : 5

=========================================================================

INFO:Xst - Part-select index evaluated to out of bound value may lead to incorrect synthesis results; it is recommended not to use them in RTL

=========================================================================
*                          HDL Parsing                                  *
=========================================================================
Analyzing Verilog file "D:\Users\Hendren\My Documents\School\EE480\DVHW11\MHVPIS\pri_encoder_4_2.v" into library work
Parsing module <pri_encoder_4_2>.
Analyzing Verilog file "D:\Users\Hendren\My Documents\School\EE480\DVHW11\MHVPIS\mux_4_1_behavioral.v" into library work
Parsing module <mux_4_1_behavioral>.
Analyzing Verilog file "D:\Users\Hendren\My Documents\School\EE480\DVHW11\MHVPIS\ld_st_reg.v" into library work
Parsing module <ld_st_reg>.
Analyzing Verilog file "D:\Users\Hendren\My Documents\School\EE480\DVHW11\MHVPIS\MHVPIS.v" into library work
Parsing module <MHVPIS>.

=========================================================================
*                            HDL Elaboration                            *
=========================================================================

Elaborating module <MHVPIS>.
WARNING:HDLCompiler:872 - "D:\Users\Hendren\My Documents\School\EE480\DVHW11\MHVPIS\MHVPIS.v" Line 34: Using initial value of isr_addr1 since it is never assigned

Elaborating module <ld_st_reg>.

Elaborating module <pri_encoder_4_2>.

Elaborating module <mux_4_1_behavioral>.

=========================================================================
*                           HDL Synthesis                               *
=========================================================================

Synthesizing Unit <MHVPIS>.
    Related source file is "d:/users/hendren/my documents/school/ee480/dvhw11/mhvpis/mhvpis.v".
    Summary:
	no macro.
Unit <MHVPIS> synthesized.

Synthesizing Unit <ld_st_reg>.
    Related source file is "d:/users/hendren/my documents/school/ee480/dvhw11/mhvpis/ld_st_reg.v".
        n = 4
    Found 4-bit register for signal <out>.
    Summary:
	inferred   4 D-type flip-flop(s).
Unit <ld_st_reg> synthesized.

Synthesizing Unit <pri_encoder_4_2>.
    Related source file is "d:/users/hendren/my documents/school/ee480/dvhw11/mhvpis/pri_encoder_4_2.v".
    Found 1-bit tristate buffer for signal <out<1>> created at line 16
    Found 1-bit tristate buffer for signal <out<0>> created at line 16
    Summary:
	inferred   6 Multiplexer(s).
	inferred   2 Tristate(s).
Unit <pri_encoder_4_2> synthesized.

Synthesizing Unit <mux_4_1_behavioral>.
    Related source file is "d:/users/hendren/my documents/school/ee480/dvhw11/mhvpis/mux_4_1_behavioral.v".
    Found 4x8-bit Read Only RAM for signal <out>
    Summary:
	inferred   1 RAM(s).
Unit <mux_4_1_behavioral> synthesized.

=========================================================================
HDL Synthesis Report

Macro Statistics
# RAMs                                                 : 1
 4x8-bit single-port Read Only RAM                     : 1
# Registers                                            : 2
 4-bit register                                        : 2
# Multiplexers                                         : 6
 1-bit 2-to-1 multiplexer                              : 6
# Tristates                                            : 2
 1-bit tristate buffer                                 : 2

=========================================================================

=========================================================================
*                       Advanced HDL Synthesis                          *
=========================================================================


Synthesizing (advanced) Unit <mux_4_1_behavioral>.
INFO:Xst:3218 - HDL ADVISOR - The RAM <Mram_out> will be implemented on LUTs either because you have described an asynchronous read or because of currently unsupported block RAM features. If you have described an asynchronous read, making it synchronous would allow you to take advantage of available block RAM resources, for optimized device usage and improved timings. Please refer to your documentation for coding guidelines.
    -----------------------------------------------------------------------
    | ram_type           | Distributed                         |          |
    -----------------------------------------------------------------------
    | Port A                                                              |
    |     aspect ratio   | 4-word x 8-bit                      |          |
    |     weA            | connected to signal <GND>           | high     |
    |     addrA          | connected to signal <sel>           |          |
    |     diA            | connected to signal <GND>           |          |
    |     doA            | connected to signal <out>           |          |
    -----------------------------------------------------------------------
Unit <mux_4_1_behavioral> synthesized (advanced).

=========================================================================
Advanced HDL Synthesis Report

Macro Statistics
# RAMs                                                 : 1
 4x8-bit single-port distributed Read Only RAM         : 1
# Registers                                            : 8
 Flip-Flops                                            : 8
# Multiplexers                                         : 6
 1-bit 2-to-1 multiplexer                              : 6

=========================================================================

=========================================================================
*                         Low Level Synthesis                           *
=========================================================================
WARNING:Xst:2042 - Unit MHVPIS: 2 internal tristates are replaced by logic (pull-up yes): N3, N4.

Optimizing unit <MHVPIS> ...

Mapping all equations...
Building and optimizing final netlist ...
Found area constraint ratio of 100 (+ 5) on block MHVPIS, actual ratio is 0.

Final Macro Processing ...

=========================================================================
Final Register Report

Macro Statistics
# Registers                                            : 8
 Flip-Flops                                            : 8

=========================================================================

=========================================================================
*                           Partition Report                            *
=========================================================================

Partition Implementation Status
-------------------------------

  No Partitions were found in this design.

-------------------------------

=========================================================================
*                            Design Summary                             *
=========================================================================

Top Level Output File Name         : MHVPIS.ngc

Primitive and Black Box Usage:
------------------------------
# BELS                             : 13
#      INV                         : 1
#      LUT2                        : 3
#      LUT4                        : 2
#      LUT6                        : 6
#      VCC                         : 1
# FlipFlops/Latches                : 8
#      FDRE                        : 8
# Clock Buffers                    : 1
#      BUFGP                       : 1
# IO Buffers                       : 19
#      IBUF                        : 10
#      OBUF                        : 6
#      OBUFT                       : 3

Device utilization summary:
---------------------------

Selected Device : 6slx45fgg484-2 


Slice Logic Utilization: 
 Number of Slice LUTs:                   12  out of  27288     0%  
    Number used as Logic:                12  out of  27288     0%  

Slice Logic Distribution: 
 Number of LUT Flip Flop pairs used:     12
   Number with an unused Flip Flop:      12  out of     12   100%  
   Number with an unused LUT:             0  out of     12     0%  
   Number of fully used LUT-FF pairs:     0  out of     12     0%  
   Number of unique control sets:         1

IO Utilization: 
 Number of IOs:                          20
 Number of bonded IOBs:                  20  out of    316     6%  
    IOB Flip Flops/Latches:               8

Specific Feature Utilization:
 Number of BUFG/BUFGCTRLs:                1  out of     16     6%  

---------------------------
Partition Resource Summary:
---------------------------

  No Partitions were found in this design.

---------------------------


=========================================================================
Timing Report

NOTE: THESE TIMING NUMBERS ARE ONLY A SYNTHESIS ESTIMATE.
      FOR ACCURATE TIMING INFORMATION PLEASE REFER TO THE TRACE REPORT
      GENERATED AFTER PLACE-and-ROUTE.

Clock Information:
------------------
-----------------------------------+------------------------+-------+
Clock Signal                       | Clock buffer(FF name)  | Load  |
-----------------------------------+------------------------+-------+
clk                                | BUFGP                  | 8     |
-----------------------------------+------------------------+-------+

Asynchronous Control Signals Information:
----------------------------------------
No asynchronous control signals found in this design

Timing Summary:
---------------
Speed Grade: -2

   Minimum period: No path found
   Minimum input arrival time before clock: 3.710ns
   Maximum output required time after clock: 6.876ns
   Maximum combinational path delay: 6.356ns

Timing Details:
---------------
All values displayed in nanoseconds (ns)

=========================================================================
Timing constraint: Default OFFSET IN BEFORE for Clock 'clk'
  Total number of paths / destination ports: 32 / 24
-------------------------------------------------------------------------
Offset:              3.710ns (Levels of Logic = 2)
  Source:            itr_clr (PAD)
  Destination:       MASK_REG/out_3 (FF)
  Destination Clock: clk rising

  Data Path: itr_clr to MASK_REG/out_3
                                Gate     Net
    Cell:in->out      fanout   Delay   Delay  Logical Name (Net Name)
    ----------------------------------------  ------------
     IBUF:I->O             2   1.328   0.725  itr_clr_IBUF (itr_clr_IBUF)
     INV:I->O              8   0.255   0.943  ITR_REG/Reset_OR_DriverANDClockEnable1_INV_0 (ITR_REG/Reset_OR_DriverANDClockEnable)
     FDRE:R                    0.459          ITR_REG/out_0
    ----------------------------------------
    Total                      3.710ns (2.042ns logic, 1.668ns route)
                                       (55.0% logic, 45.0% route)

=========================================================================
Timing constraint: Default OFFSET OUT AFTER for Clock 'clk'
  Total number of paths / destination ports: 70 / 7
-------------------------------------------------------------------------
Offset:              6.876ns (Levels of Logic = 3)
  Source:            ITR_REG/out_3 (FF)
  Destination:       PC_out<5> (PAD)
  Source Clock:      clk rising

  Data Path: ITR_REG/out_3 to PC_out<5>
                                Gate     Net
    Cell:in->out      fanout   Delay   Delay  Logical Name (Net Name)
    ----------------------------------------  ------------
     FDRE:C->Q             5   0.525   0.949  ITR_REG/out_3 (ITR_REG/out_3)
     LUT2:I0->O            3   0.250   1.221  itr_and_w<3>1 (itr_and_w<3>)
     LUT6:I0->O            3   0.254   0.765  ENCODER/enab_in[3]_AND_6_o_inv (ENCODER/enab_in[3]_AND_6_o_inv)
     OBUFT:T->O                2.912          PC_out_5_OBUFT (PC_out<5>)
    ----------------------------------------
    Total                      6.876ns (3.941ns logic, 2.935ns route)
                                       (57.3% logic, 42.7% route)

=========================================================================
Timing constraint: Default path analysis
  Total number of paths / destination ports: 1 / 1
-------------------------------------------------------------------------
Delay:               6.356ns (Levels of Logic = 3)
  Source:            itr_en (PAD)
  Destination:       i_pending (PAD)

  Data Path: itr_en to i_pending
                                Gate     Net
    Cell:in->out      fanout   Delay   Delay  Logical Name (Net Name)
    ----------------------------------------  ------------
     IBUF:I->O             2   1.328   1.181  itr_en_IBUF (itr_en_IBUF)
     LUT6:I0->O            1   0.254   0.681  i_pending (i_pending_OBUF)
     OBUF:I->O                 2.912          i_pending_OBUF (i_pending)
    ----------------------------------------
    Total                      6.356ns (4.494ns logic, 1.862ns route)
                                       (70.7% logic, 29.3% route)

=========================================================================

Cross Clock Domains Report:
--------------------------

=========================================================================


Total REAL time to Xst completion: 4.00 secs
Total CPU time to Xst completion: 4.15 secs
 
--> 

Total memory usage is 251532 kilobytes

Number of errors   :    0 (   0 filtered)
Number of warnings :    2 (   0 filtered)
Number of infos    :    2 (   0 filtered)

