Release 13.4 - xst O.87xd (nt64)
Copyright (c) 1995-2011 Xilinx, Inc.  All rights reserved.
--> Parameter TMPDIR set to xst/projnav.tmp


Total REAL time to Xst completion: 0.00 secs
Total CPU time to Xst completion: 0.06 secs
 
--> Parameter xsthdpdir set to xst


Total REAL time to Xst completion: 0.00 secs
Total CPU time to Xst completion: 0.06 secs
 
--> Reading design: one_hot_fsm.prj

TABLE OF CONTENTS
  1) Synthesis Options Summary
  2) HDL Parsing
  3) HDL Elaboration
  4) HDL Synthesis
       4.1) HDL Synthesis Report
  5) Advanced HDL Synthesis
       5.1) Advanced HDL Synthesis Report
  6) Low Level Synthesis
  7) Partition Report
  8) Design Summary
       8.1) Primitive and Black Box Usage
       8.2) Device utilization summary
       8.3) Partition Resource Summary
       8.4) Timing Report
            8.4.1) Clock Information
            8.4.2) Asynchronous Control Signals Information
            8.4.3) Timing Summary
            8.4.4) Timing Details
            8.4.5) Cross Clock Domains Report


=========================================================================
*                      Synthesis Options Summary                        *
=========================================================================
---- Source Parameters
Input File Name                    : "one_hot_fsm.prj"
Ignore Synthesis Constraint File   : NO

---- Target Parameters
Output File Name                   : "one_hot_fsm"
Output Format                      : NGC
Target Device                      : xc6slx45-2-fgg484

---- Source Options
Top Module Name                    : one_hot_fsm
Automatic FSM Extraction           : YES
FSM Encoding Algorithm             : One-Hot
Safe Implementation                : No
FSM Style                          : LUT
RAM Extraction                     : Yes
RAM Style                          : Auto
ROM Extraction                     : Yes
Shift Register Extraction          : YES
ROM Style                          : Auto
Resource Sharing                   : YES
Asynchronous To Synchronous        : NO
Shift Register Minimum Size        : 2
Use DSP Block                      : Auto
Automatic Register Balancing       : No

---- Target Options
LUT Combining                      : Auto
Reduce Control Sets                : Auto
Add IO Buffers                     : YES
Global Maximum Fanout              : 100000
Add Generic Clock Buffer(BUFG)     : 16
Register Duplication               : YES
Optimize Instantiated Primitives   : NO
Use Clock Enable                   : Auto
Use Synchronous Set                : Auto
Use Synchronous Reset              : Auto
Pack IO Registers into IOBs        : Auto
Equivalent register Removal        : YES

---- General Options
Optimization Goal                  : Speed
Optimization Effort                : 1
Power Reduction                    : NO
Keep Hierarchy                     : No
Netlist Hierarchy                  : As_Optimized
RTL Output                         : Yes
Global Optimization                : AllClockNets
Read Cores                         : YES
Write Timing Constraints           : NO
Cross Clock Analysis               : NO
Hierarchy Separator                : /
Bus Delimiter                      : <>
Case Specifier                     : Maintain
Slice Utilization Ratio            : 100
BRAM Utilization Ratio             : 100
DSP48 Utilization Ratio            : 100
Auto BRAM Packing                  : NO
Slice Utilization Ratio Delta      : 5

=========================================================================

INFO:Xst - Part-select index evaluated to out of bound value may lead to incorrect synthesis results; it is recommended not to use them in RTL

=========================================================================
*                          HDL Parsing                                  *
=========================================================================
Analyzing Verilog file "D:\Users\Hendren\My Documents\School\EE480\DVHW10\one_hot_fsm\one_hot_fsm.v" into library work
Parsing module <one_hot_fsm>.

=========================================================================
*                            HDL Elaboration                            *
=========================================================================

Elaborating module <one_hot_fsm>.

=========================================================================
*                           HDL Synthesis                               *
=========================================================================

Synthesizing Unit <one_hot_fsm>.
    Related source file is "d:/users/hendren/my documents/school/ee480/dvhw10/one_hot_fsm/one_hot_fsm.v".
        a = 7'b1000000
        b = 7'b0100000
        c = 7'b0010000
        d = 7'b0001000
        e = 7'b0000100
        f = 7'b0000010
        g = 7'b0000001
    Found 7-bit register for signal <yp>.
WARNING:Xst:737 - Found 1-bit latch for signal <Y<5>>. Latches may be generated from incomplete case or if statements. We do not recommend the use of latches in FPGA/CPLD designs, as they may lead to timing problems.
WARNING:Xst:737 - Found 1-bit latch for signal <Y<4>>. Latches may be generated from incomplete case or if statements. We do not recommend the use of latches in FPGA/CPLD designs, as they may lead to timing problems.
WARNING:Xst:737 - Found 1-bit latch for signal <Y<3>>. Latches may be generated from incomplete case or if statements. We do not recommend the use of latches in FPGA/CPLD designs, as they may lead to timing problems.
WARNING:Xst:737 - Found 1-bit latch for signal <Y<2>>. Latches may be generated from incomplete case or if statements. We do not recommend the use of latches in FPGA/CPLD designs, as they may lead to timing problems.
WARNING:Xst:737 - Found 1-bit latch for signal <Y<1>>. Latches may be generated from incomplete case or if statements. We do not recommend the use of latches in FPGA/CPLD designs, as they may lead to timing problems.
WARNING:Xst:737 - Found 1-bit latch for signal <Y<0>>. Latches may be generated from incomplete case or if statements. We do not recommend the use of latches in FPGA/CPLD designs, as they may lead to timing problems.
WARNING:Xst:737 - Found 1-bit latch for signal <Y<6>>. Latches may be generated from incomplete case or if statements. We do not recommend the use of latches in FPGA/CPLD designs, as they may lead to timing problems.
    Summary:
	inferred   7 D-type flip-flop(s).
	inferred   7 Latch(s).
	inferred   9 Multiplexer(s).
Unit <one_hot_fsm> synthesized.

=========================================================================
HDL Synthesis Report

Macro Statistics
# Registers                                            : 1
 7-bit register                                        : 1
# Latches                                              : 7
 1-bit latch                                           : 7
# Multiplexers                                         : 9
 1-bit 2-to-1 multiplexer                              : 9

=========================================================================

=========================================================================
*                       Advanced HDL Synthesis                          *
=========================================================================


=========================================================================
Advanced HDL Synthesis Report

Macro Statistics
# Registers                                            : 7
 Flip-Flops                                            : 7
# Multiplexers                                         : 9
 1-bit 2-to-1 multiplexer                              : 9

=========================================================================

=========================================================================
*                         Low Level Synthesis                           *
=========================================================================

Optimizing unit <one_hot_fsm> ...
WARNING:Xst:1294 - Latch <Y_5> is equivalent to a wire in block <one_hot_fsm>.
WARNING:Xst:1294 - Latch <Y_4> is equivalent to a wire in block <one_hot_fsm>.
WARNING:Xst:1294 - Latch <Y_3> is equivalent to a wire in block <one_hot_fsm>.
WARNING:Xst:1294 - Latch <Y_2> is equivalent to a wire in block <one_hot_fsm>.
WARNING:Xst:1294 - Latch <Y_1> is equivalent to a wire in block <one_hot_fsm>.
WARNING:Xst:1294 - Latch <Y_0> is equivalent to a wire in block <one_hot_fsm>.
WARNING:Xst:1294 - Latch <Y_6> is equivalent to a wire in block <one_hot_fsm>.

Mapping all equations...
Building and optimizing final netlist ...
Found area constraint ratio of 100 (+ 5) on block one_hot_fsm, actual ratio is 0.

Final Macro Processing ...

=========================================================================
Final Register Report

Macro Statistics
# Registers                                            : 7
 Flip-Flops                                            : 7

=========================================================================

=========================================================================
*                           Partition Report                            *
=========================================================================

Partition Implementation Status
-------------------------------

  No Partitions were found in this design.

-------------------------------

=========================================================================
*                            Design Summary                             *
=========================================================================

Top Level Output File Name         : one_hot_fsm.ngc

Primitive and Black Box Usage:
------------------------------
# BELS                             : 27
#      INV                         : 1
#      LUT2                        : 2
#      LUT3                        : 1
#      LUT4                        : 11
#      LUT5                        : 6
#      LUT6                        : 6
# FlipFlops/Latches                : 7
#      FDR                         : 7
# Clock Buffers                    : 1
#      BUFGP                       : 1
# IO Buffers                       : 16
#      IBUF                        : 4
#      OBUF                        : 12

Device utilization summary:
---------------------------

Selected Device : 6slx45fgg484-2 


Slice Logic Utilization: 
 Number of Slice Registers:               7  out of  54576     0%  
 Number of Slice LUTs:                   27  out of  27288     0%  
    Number used as Logic:                27  out of  27288     0%  

Slice Logic Distribution: 
 Number of LUT Flip Flop pairs used:     27
   Number with an unused Flip Flop:      20  out of     27    74%  
   Number with an unused LUT:             0  out of     27     0%  
   Number of fully used LUT-FF pairs:     7  out of     27    25%  
   Number of unique control sets:         2

IO Utilization: 
 Number of IOs:                          17
 Number of bonded IOBs:                  17  out of    316     5%  

Specific Feature Utilization:
 Number of BUFG/BUFGCTRLs:                1  out of     16     6%  

---------------------------
Partition Resource Summary:
---------------------------

  No Partitions were found in this design.

---------------------------


=========================================================================
Timing Report

NOTE: THESE TIMING NUMBERS ARE ONLY A SYNTHESIS ESTIMATE.
      FOR ACCURATE TIMING INFORMATION PLEASE REFER TO THE TRACE REPORT
      GENERATED AFTER PLACE-and-ROUTE.

Clock Information:
------------------
-----------------------------------+------------------------+-------+
Clock Signal                       | Clock buffer(FF name)  | Load  |
-----------------------------------+------------------------+-------+
clk                                | BUFGP                  | 7     |
-----------------------------------+------------------------+-------+

Asynchronous Control Signals Information:
----------------------------------------
No asynchronous control signals found in this design

Timing Summary:
---------------
Speed Grade: -2

   Minimum period: 5.188ns (Maximum Frequency: 192.752MHz)
   Minimum input arrival time before clock: 3.812ns
   Maximum output required time after clock: 8.023ns
   Maximum combinational path delay: No path found

Timing Details:
---------------
All values displayed in nanoseconds (ns)

=========================================================================
Timing constraint: Default period analysis for Clock 'clk'
  Clock period: 5.188ns (frequency: 192.753MHz)
  Total number of paths / destination ports: 172 / 7
-------------------------------------------------------------------------
Delay:               5.188ns (Levels of Logic = 4)
  Source:            yp_3 (FF)
  Destination:       yp_6 (FF)
  Source Clock:      clk rising
  Destination Clock: clk rising

  Data Path: yp_3 to yp_6
                                Gate     Net
    Cell:in->out      fanout   Delay   Delay  Logical Name (Net Name)
    ----------------------------------------  ------------
     FDR:C->Q              9   0.525   1.204  yp_3 (yp_3)
     LUT4:I1->O            6   0.235   0.876  yp[6]_GND_1_o_equal_59_o<6>11 (yp[6]_GND_1_o_equal_59_o<6>1)
     LUT4:I3->O            2   0.254   0.834  yp[6]_PWR_1_o_equal_57_o<6>1 (yp[6]_PWR_1_o_equal_57_o)
     LUT5:I3->O            1   0.250   0.682  Y<6>1 (Y<6>)
     LUT6:I5->O            1   0.254   0.000  Y<6>3 (Y<6>1)
     FDR:D                     0.074          yp_6
    ----------------------------------------
    Total                      5.188ns (1.592ns logic, 3.596ns route)
                                       (30.7% logic, 69.3% route)

=========================================================================
Timing constraint: Default OFFSET IN BEFORE for Clock 'clk'
  Total number of paths / destination ports: 30 / 14
-------------------------------------------------------------------------
Offset:              3.812ns (Levels of Logic = 3)
  Source:            x<1> (PAD)
  Destination:       yp_6 (FF)
  Destination Clock: clk rising

  Data Path: x<1> to yp_6
                                Gate     Net
    Cell:in->out      fanout   Delay   Delay  Logical Name (Net Name)
    ----------------------------------------  ------------
     IBUF:I->O             8   1.328   1.220  x_1_IBUF (x_1_IBUF)
     LUT5:I1->O            1   0.254   0.682  Y<6>1 (Y<6>)
     LUT6:I5->O            1   0.254   0.000  Y<6>3 (Y<6>1)
     FDR:D                     0.074          yp_6
    ----------------------------------------
    Total                      3.812ns (1.910ns logic, 1.902ns route)
                                       (50.1% logic, 49.9% route)

=========================================================================
Timing constraint: Default OFFSET OUT AFTER for Clock 'clk'
  Total number of paths / destination ports: 91 / 12
-------------------------------------------------------------------------
Offset:              8.023ns (Levels of Logic = 4)
  Source:            yp_6 (FF)
  Destination:       cp<3> (PAD)
  Source Clock:      clk rising

  Data Path: yp_6 to cp<3>
                                Gate     Net
    Cell:in->out      fanout   Delay   Delay  Logical Name (Net Name)
    ----------------------------------------  ------------
     FDR:C->Q              9   0.525   1.204  yp_6 (yp_6)
     LUT4:I1->O            5   0.235   0.841  yp[6]_GND_1_o_equal_60_o<6>11 (yp[6]_GND_1_o_equal_60_o<6>1)
     LUT4:I3->O            5   0.254   1.117  yp[6]_GND_1_o_equal_62_o<6>1 (yp[6]_GND_1_o_equal_62_o)
     LUT4:I0->O            1   0.254   0.681  cp<2>1 (cp_3_OBUF)
     OBUF:I->O                 2.912          cp_3_OBUF (cp<3>)
    ----------------------------------------
    Total                      8.023ns (4.180ns logic, 3.843ns route)
                                       (52.1% logic, 47.9% route)

=========================================================================

Cross Clock Domains Report:
--------------------------

Clock to Setup on destination clock clk
---------------+---------+---------+---------+---------+
               | Src:Rise| Src:Fall| Src:Rise| Src:Fall|
Source Clock   |Dest:Rise|Dest:Rise|Dest:Fall|Dest:Fall|
---------------+---------+---------+---------+---------+
clk            |    5.188|         |         |         |
---------------+---------+---------+---------+---------+

=========================================================================


Total REAL time to Xst completion: 4.00 secs
Total CPU time to Xst completion: 4.24 secs
 
--> 

Total memory usage is 255772 kilobytes

Number of errors   :    0 (   0 filtered)
Number of warnings :   14 (   0 filtered)
Number of infos    :    1 (   0 filtered)

