--------------------------------------------------------------------------------
Release 13.4 Trace  (nt64)
Copyright (c) 1995-2011 Xilinx, Inc.  All rights reserved.

D:\Xilinx\13.4\ISE_DS\ISE\bin\nt64\unwrapped\trce.exe -intstyle ise -v 3 -s 3
-n 3 -fastpaths -xml ld_st_shift_nbit.twx ld_st_shift_nbit.ncd -o
ld_st_shift_nbit.twr ld_st_shift_nbit.pcf

Design file:              ld_st_shift_nbit.ncd
Physical constraint file: ld_st_shift_nbit.pcf
Device,package,speed:     xc6slx45,fgg484,C,-3 (PRODUCTION 1.21 2012-01-07)
Report level:             verbose report

Environment Variable      Effect 
--------------------      ------ 
NONE                      No environment variables were set
--------------------------------------------------------------------------------

INFO:Timing:2698 - No timing constraints found, doing default enumeration.
INFO:Timing:3412 - To improve timing, see the Timing Closure User Guide (UG612).
INFO:Timing:2752 - To get complete path coverage, use the unconstrained paths 
   option. All paths that are not constrained will be reported in the 
   unconstrained paths section(s) of the report.
INFO:Timing:3339 - The clock-to-out numbers in this timing report are based on 
   a 50 Ohm transmission line loading model.  For the details of this model, 
   and for more information on accounting for different loading conditions, 
   please see the device datasheet.



Data Sheet report:
-----------------
All values displayed in nanoseconds (ns)

Setup/Hold to clock clk
------------+------------+------------+------------+------------+------------------+--------+
            |Max Setup to|  Process   |Max Hold to |  Process   |                  | Clock  |
Source      | clk (edge) |   Corner   | clk (edge) |   Corner   |Internal Clock(s) | Phase  |
------------+------------+------------+------------+------------+------------------+--------+
clr         |    0.228(R)|      FAST  |    0.984(R)|      SLOW  |clk_BUFGP         |   0.000|
ctrl<0>     |    0.593(R)|      FAST  |    0.602(R)|      SLOW  |clk_BUFGP         |   0.000|
ctrl<1>     |    0.568(R)|      FAST  |    0.488(R)|      SLOW  |clk_BUFGP         |   0.000|
ls          |    0.375(R)|      FAST  |    0.474(R)|      SLOW  |clk_BUFGP         |   0.000|
reg_in<0>   |    0.499(R)|      FAST  |    0.732(R)|      SLOW  |clk_BUFGP         |   0.000|
reg_in<1>   |    0.505(R)|      FAST  |    0.159(R)|      SLOW  |clk_BUFGP         |   0.000|
reg_in<2>   |    0.597(R)|      FAST  |    0.053(R)|      SLOW  |clk_BUFGP         |   0.000|
reg_in<3>   |    0.529(R)|      FAST  |    0.716(R)|      SLOW  |clk_BUFGP         |   0.000|
rs          |    0.365(R)|      FAST  |    0.721(R)|      SLOW  |clk_BUFGP         |   0.000|
set         |    0.555(R)|      FAST  |    0.586(R)|      SLOW  |clk_BUFGP         |   0.000|
------------+------------+------------+------------+------------+------------------+--------+

Clock clk to Pad
------------+-----------------+------------+-----------------+------------+------------------+--------+
            |Max (slowest) clk|  Process   |Min (fastest) clk|  Process   |                  | Clock  |
Destination |  (edge) to PAD  |   Corner   |  (edge) to PAD  |   Corner   |Internal Clock(s) | Phase  |
------------+-----------------+------------+-----------------+------------+------------------+--------+
reg_out<0>  |         7.264(R)|      SLOW  |         3.907(R)|      FAST  |clk_BUFGP         |   0.000|
reg_out<1>  |         7.278(R)|      SLOW  |         3.866(R)|      FAST  |clk_BUFGP         |   0.000|
reg_out<2>  |         7.297(R)|      SLOW  |         3.911(R)|      FAST  |clk_BUFGP         |   0.000|
reg_out<3>  |         7.215(R)|      SLOW  |         3.858(R)|      FAST  |clk_BUFGP         |   0.000|
------------+-----------------+------------+-----------------+------------+------------------+--------+

Clock to Setup on destination clock clk
---------------+---------+---------+---------+---------+
               | Src:Rise| Src:Fall| Src:Rise| Src:Fall|
Source Clock   |Dest:Rise|Dest:Rise|Dest:Fall|Dest:Fall|
---------------+---------+---------+---------+---------+
clk            |    1.707|         |         |         |
---------------+---------+---------+---------+---------+


Analysis completed Mon Feb 18 22:44:40 2013 
--------------------------------------------------------------------------------

Trace Settings:
-------------------------
Trace Settings 

Peak Memory Usage: 277 MB



