Release 13.4 - xst O.87xd (nt64)
Copyright (c) 1995-2011 Xilinx, Inc.  All rights reserved.
--> Parameter TMPDIR set to xst/projnav.tmp


Total REAL time to Xst completion: 0.00 secs
Total CPU time to Xst completion: 0.06 secs
 
--> Parameter xsthdpdir set to xst


Total REAL time to Xst completion: 0.00 secs
Total CPU time to Xst completion: 0.06 secs
 
--> Reading design: dec_param_enab.prj

TABLE OF CONTENTS
  1) Synthesis Options Summary
  2) HDL Parsing
  3) HDL Elaboration
  4) HDL Synthesis
       4.1) HDL Synthesis Report
  5) Advanced HDL Synthesis
       5.1) Advanced HDL Synthesis Report
  6) Low Level Synthesis
  7) Partition Report
  8) Design Summary
       8.1) Primitive and Black Box Usage
       8.2) Device utilization summary
       8.3) Partition Resource Summary
       8.4) Timing Report
            8.4.1) Clock Information
            8.4.2) Asynchronous Control Signals Information
            8.4.3) Timing Summary
            8.4.4) Timing Details
            8.4.5) Cross Clock Domains Report


=========================================================================
*                      Synthesis Options Summary                        *
=========================================================================
---- Source Parameters
Input File Name                    : "dec_param_enab.prj"
Ignore Synthesis Constraint File   : NO

---- Target Parameters
Output File Name                   : "dec_param_enab"
Output Format                      : NGC
Target Device                      : xc6slx45-2-fgg484

---- Source Options
Top Module Name                    : dec_param_enab
Automatic FSM Extraction           : YES
FSM Encoding Algorithm             : Auto
Safe Implementation                : No
FSM Style                          : LUT
RAM Extraction                     : Yes
RAM Style                          : Auto
ROM Extraction                     : Yes
Shift Register Extraction          : YES
ROM Style                          : Auto
Resource Sharing                   : YES
Asynchronous To Synchronous        : NO
Shift Register Minimum Size        : 2
Use DSP Block                      : Auto
Automatic Register Balancing       : No

---- Target Options
LUT Combining                      : Auto
Reduce Control Sets                : Auto
Add IO Buffers                     : YES
Global Maximum Fanout              : 100000
Add Generic Clock Buffer(BUFG)     : 16
Register Duplication               : YES
Optimize Instantiated Primitives   : NO
Use Clock Enable                   : Auto
Use Synchronous Set                : Auto
Use Synchronous Reset              : Auto
Pack IO Registers into IOBs        : Auto
Equivalent register Removal        : YES

---- General Options
Optimization Goal                  : Speed
Optimization Effort                : 1
Power Reduction                    : NO
Keep Hierarchy                     : No
Netlist Hierarchy                  : As_Optimized
RTL Output                         : Yes
Global Optimization                : AllClockNets
Read Cores                         : YES
Write Timing Constraints           : NO
Cross Clock Analysis               : NO
Hierarchy Separator                : /
Bus Delimiter                      : <>
Case Specifier                     : Maintain
Slice Utilization Ratio            : 100
BRAM Utilization Ratio             : 100
DSP48 Utilization Ratio            : 100
Auto BRAM Packing                  : NO
Slice Utilization Ratio Delta      : 5

=========================================================================

INFO:Xst - Part-select index evaluated to out of bound value may lead to incorrect synthesis results; it is recommended not to use them in RTL

=========================================================================
*                          HDL Parsing                                  *
=========================================================================
Analyzing Verilog file "D:\Users\Hendren\My Documents\School\EE480\DVHW2\dec_param_enab\dec_param_enab.v" into library work
Parsing module <dec_param_enab>.

=========================================================================
*                            HDL Elaboration                            *
=========================================================================

Elaborating module <dec_param_enab>.

=========================================================================
*                           HDL Synthesis                               *
=========================================================================

Synthesizing Unit <dec_param_enab>.
    Related source file is "d:/users/hendren/my documents/school/ee480/dvhw2/dec_param_enab/dec_param_enab.v".
        n = 3
    Summary:
	inferred   1 Multiplexer(s).
Unit <dec_param_enab> synthesized.

=========================================================================
HDL Synthesis Report

Macro Statistics
# Multiplexers                                         : 1
 8-bit 2-to-1 multiplexer                              : 1

=========================================================================

=========================================================================
*                       Advanced HDL Synthesis                          *
=========================================================================


=========================================================================
Advanced HDL Synthesis Report

Macro Statistics
# Multiplexers                                         : 1
 8-bit 2-to-1 multiplexer                              : 1

=========================================================================

=========================================================================
*                         Low Level Synthesis                           *
=========================================================================

Optimizing unit <dec_param_enab> ...

Mapping all equations...
Building and optimizing final netlist ...
Found area constraint ratio of 100 (+ 5) on block dec_param_enab, actual ratio is 0.

Final Macro Processing ...

=========================================================================
Final Register Report

Found no macro
=========================================================================

=========================================================================
*                           Partition Report                            *
=========================================================================

Partition Implementation Status
-------------------------------

  No Partitions were found in this design.

-------------------------------

=========================================================================
*                            Design Summary                             *
=========================================================================

Top Level Output File Name         : dec_param_enab.ngc

Primitive and Black Box Usage:
------------------------------
# BELS                             : 8
#      LUT4                        : 8
# IO Buffers                       : 12
#      IBUF                        : 4
#      OBUF                        : 8

Device utilization summary:
---------------------------

Selected Device : 6slx45fgg484-2 


Slice Logic Utilization: 
 Number of Slice LUTs:                    8  out of  27288     0%  
    Number used as Logic:                 8  out of  27288     0%  

Slice Logic Distribution: 
 Number of LUT Flip Flop pairs used:      8
   Number with an unused Flip Flop:       8  out of      8   100%  
   Number with an unused LUT:             0  out of      8     0%  
   Number of fully used LUT-FF pairs:     0  out of      8     0%  
   Number of unique control sets:         0

IO Utilization: 
 Number of IOs:                          12
 Number of bonded IOBs:                  12  out of    316     3%  

Specific Feature Utilization:

---------------------------
Partition Resource Summary:
---------------------------

  No Partitions were found in this design.

---------------------------


=========================================================================
Timing Report

NOTE: THESE TIMING NUMBERS ARE ONLY A SYNTHESIS ESTIMATE.
      FOR ACCURATE TIMING INFORMATION PLEASE REFER TO THE TRACE REPORT
      GENERATED AFTER PLACE-and-ROUTE.

Clock Information:
------------------
No clock signals found in this design

Asynchronous Control Signals Information:
----------------------------------------
No asynchronous control signals found in this design

Timing Summary:
---------------
Speed Grade: -2

   Minimum period: No path found
   Minimum input arrival time before clock: No path found
   Maximum output required time after clock: No path found
   Maximum combinational path delay: 6.395ns

Timing Details:
---------------
All values displayed in nanoseconds (ns)

=========================================================================
Timing constraint: Default path analysis
  Total number of paths / destination ports: 32 / 8
-------------------------------------------------------------------------
Delay:               6.395ns (Levels of Logic = 3)
  Source:            inp<0> (PAD)
  Destination:       d<7> (PAD)

  Data Path: inp<0> to d<7>
                                Gate     Net
    Cell:in->out      fanout   Delay   Delay  Logical Name (Net Name)
    ----------------------------------------  ------------
     IBUF:I->O             8   1.328   1.220  inp_0_IBUF (inp_0_IBUF)
     LUT4:I0->O            1   0.254   0.681  Mmux_d21 (d_1_OBUF)
     OBUF:I->O                 2.912          d_1_OBUF (d<1>)
    ----------------------------------------
    Total                      6.395ns (4.494ns logic, 1.901ns route)
                                       (70.3% logic, 29.7% route)

=========================================================================

Cross Clock Domains Report:
--------------------------

=========================================================================


Total REAL time to Xst completion: 3.00 secs
Total CPU time to Xst completion: 3.98 secs
 
--> 

Total memory usage is 255452 kilobytes

Number of errors   :    0 (   0 filtered)
Number of warnings :    0 (   0 filtered)
Number of infos    :    1 (   0 filtered)

