Release 13.4 - xst O.87xd (nt64)
Copyright (c) 1995-2011 Xilinx, Inc.  All rights reserved.
--> Parameter TMPDIR set to xst/projnav.tmp


Total REAL time to Xst completion: 0.00 secs
Total CPU time to Xst completion: 0.07 secs
 
--> Parameter xsthdpdir set to xst


Total REAL time to Xst completion: 0.00 secs
Total CPU time to Xst completion: 0.07 secs
 
--> Reading design: ALU_param_bitslice.prj

TABLE OF CONTENTS
  1) Synthesis Options Summary
  2) HDL Parsing
  3) HDL Elaboration
  4) HDL Synthesis
       4.1) HDL Synthesis Report
  5) Advanced HDL Synthesis
       5.1) Advanced HDL Synthesis Report
  6) Low Level Synthesis
  7) Partition Report
  8) Design Summary
       8.1) Primitive and Black Box Usage
       8.2) Device utilization summary
       8.3) Partition Resource Summary
       8.4) Timing Report
            8.4.1) Clock Information
            8.4.2) Asynchronous Control Signals Information
            8.4.3) Timing Summary
            8.4.4) Timing Details
            8.4.5) Cross Clock Domains Report


=========================================================================
*                      Synthesis Options Summary                        *
=========================================================================
---- Source Parameters
Input File Name                    : "ALU_param_bitslice.prj"
Ignore Synthesis Constraint File   : NO

---- Target Parameters
Output File Name                   : "ALU_param_bitslice"
Output Format                      : NGC
Target Device                      : xc6slx45-3-fgg484

---- Source Options
Top Module Name                    : ALU_param_bitslice
Automatic FSM Extraction           : YES
FSM Encoding Algorithm             : Auto
Safe Implementation                : No
FSM Style                          : LUT
RAM Extraction                     : Yes
RAM Style                          : Auto
ROM Extraction                     : Yes
Shift Register Extraction          : YES
ROM Style                          : Auto
Resource Sharing                   : YES
Asynchronous To Synchronous        : NO
Shift Register Minimum Size        : 2
Use DSP Block                      : Auto
Automatic Register Balancing       : No

---- Target Options
LUT Combining                      : Auto
Reduce Control Sets                : Auto
Add IO Buffers                     : YES
Global Maximum Fanout              : 100000
Add Generic Clock Buffer(BUFG)     : 16
Register Duplication               : YES
Optimize Instantiated Primitives   : NO
Use Clock Enable                   : Auto
Use Synchronous Set                : Auto
Use Synchronous Reset              : Auto
Pack IO Registers into IOBs        : Auto
Equivalent register Removal        : YES

---- General Options
Optimization Goal                  : Speed
Optimization Effort                : 1
Power Reduction                    : NO
Keep Hierarchy                     : No
Netlist Hierarchy                  : As_Optimized
RTL Output                         : Yes
Global Optimization                : AllClockNets
Read Cores                         : YES
Write Timing Constraints           : NO
Cross Clock Analysis               : NO
Hierarchy Separator                : /
Bus Delimiter                      : <>
Case Specifier                     : Maintain
Slice Utilization Ratio            : 100
BRAM Utilization Ratio             : 100
DSP48 Utilization Ratio            : 100
Auto BRAM Packing                  : NO
Slice Utilization Ratio Delta      : 5

=========================================================================

INFO:Xst - Part-select index evaluated to out of bound value may lead to incorrect synthesis results; it is recommended not to use them in RTL

=========================================================================
*                          HDL Parsing                                  *
=========================================================================
Analyzing Verilog file "D:\Users\Hendren\My Documents\School\EE480\DVHW3\alu_bitslice_2\alu_bitslice.v" into library work
Parsing module <ALU_param_bitslice>.
WARNING:HDLCompiler:1490 - "D:\Users\Hendren\My Documents\School\EE480\DVHW3\alu_bitslice_2\alu_bitslice.v" Line 47: Loop valiable declaration is not allowed in this mode of verilog
WARNING:HDLCompiler:1490 - "D:\Users\Hendren\My Documents\School\EE480\DVHW3\alu_bitslice_2\alu_bitslice.v" Line 54: Loop valiable declaration is not allowed in this mode of verilog
WARNING:HDLCompiler:1490 - "D:\Users\Hendren\My Documents\School\EE480\DVHW3\alu_bitslice_2\alu_bitslice.v" Line 60: Loop valiable declaration is not allowed in this mode of verilog
WARNING:HDLCompiler:1490 - "D:\Users\Hendren\My Documents\School\EE480\DVHW3\alu_bitslice_2\alu_bitslice.v" Line 66: Loop valiable declaration is not allowed in this mode of verilog
WARNING:HDLCompiler:1490 - "D:\Users\Hendren\My Documents\School\EE480\DVHW3\alu_bitslice_2\alu_bitslice.v" Line 71: Loop valiable declaration is not allowed in this mode of verilog
WARNING:HDLCompiler:1490 - "D:\Users\Hendren\My Documents\School\EE480\DVHW3\alu_bitslice_2\alu_bitslice.v" Line 76: Loop valiable declaration is not allowed in this mode of verilog
WARNING:HDLCompiler:1490 - "D:\Users\Hendren\My Documents\School\EE480\DVHW3\alu_bitslice_2\alu_bitslice.v" Line 82: Loop valiable declaration is not allowed in this mode of verilog
WARNING:HDLCompiler:1490 - "D:\Users\Hendren\My Documents\School\EE480\DVHW3\alu_bitslice_2\alu_bitslice.v" Line 87: Loop valiable declaration is not allowed in this mode of verilog

=========================================================================
*                            HDL Elaboration                            *
=========================================================================

Elaborating module <ALU_param_bitslice>.
WARNING:HDLCompiler:91 - "D:\Users\Hendren\My Documents\School\EE480\DVHW3\alu_bitslice_2\alu_bitslice.v" Line 46: Signal <cin> missing in the sensitivity list is added for synthesis purposes. HDL and post-synthesis simulations may differ as a result.
WARNING:HDLCompiler:91 - "D:\Users\Hendren\My Documents\School\EE480\DVHW3\alu_bitslice_2\alu_bitslice.v" Line 49: Signal <cout> missing in the sensitivity list is added for synthesis purposes. HDL and post-synthesis simulations may differ as a result.
WARNING:HDLCompiler:91 - "D:\Users\Hendren\My Documents\School\EE480\DVHW3\alu_bitslice_2\alu_bitslice.v" Line 53: Signal <cin> missing in the sensitivity list is added for synthesis purposes. HDL and post-synthesis simulations may differ as a result.
WARNING:HDLCompiler:91 - "D:\Users\Hendren\My Documents\School\EE480\DVHW3\alu_bitslice_2\alu_bitslice.v" Line 56: Signal <cout> missing in the sensitivity list is added for synthesis purposes. HDL and post-synthesis simulations may differ as a result.
WARNING:HDLCompiler:91 - "D:\Users\Hendren\My Documents\School\EE480\DVHW3\alu_bitslice_2\alu_bitslice.v" Line 83: Signal <a> missing in the sensitivity list is added for synthesis purposes. HDL and post-synthesis simulations may differ as a result.
WARNING:HDLCompiler:91 - "D:\Users\Hendren\My Documents\School\EE480\DVHW3\alu_bitslice_2\alu_bitslice.v" Line 88: Signal <b> missing in the sensitivity list is added for synthesis purposes. HDL and post-synthesis simulations may differ as a result.

=========================================================================
*                           HDL Synthesis                               *
=========================================================================

Synthesizing Unit <ALU_param_bitslice>.
    Related source file is "d:/users/hendren/my documents/school/ee480/dvhw3/alu_bitslice_2/alu_bitslice.v".
        n = 1
WARNING:Xst:647 - Input <cin> is never used. This port will be preserved and left unconnected if it belongs to a top-level block or it belongs to a sub-block and the hierarchy of this sub-block is preserved.
WARNING:Xst:737 - Found 1-bit latch for signal <fout>. Latches may be generated from incomplete case or if statements. We do not recommend the use of latches in FPGA/CPLD designs, as they may lead to timing problems.
    Summary:
	inferred   1 Latch(s).
	inferred   1 Multiplexer(s).
Unit <ALU_param_bitslice> synthesized.

=========================================================================
HDL Synthesis Report

Macro Statistics
# Latches                                              : 1
 1-bit latch                                           : 1
# Multiplexers                                         : 1
 1-bit 2-to-1 multiplexer                              : 1

=========================================================================

=========================================================================
*                       Advanced HDL Synthesis                          *
=========================================================================


=========================================================================
Advanced HDL Synthesis Report

Found no macro
=========================================================================

=========================================================================
*                         Low Level Synthesis                           *
=========================================================================

Optimizing unit <ALU_param_bitslice> ...

Mapping all equations...
Building and optimizing final netlist ...
Found area constraint ratio of 100 (+ 5) on block ALU_param_bitslice, actual ratio is 0.

Final Macro Processing ...

=========================================================================
Final Register Report

Found no macro
=========================================================================

=========================================================================
*                           Partition Report                            *
=========================================================================

Partition Implementation Status
-------------------------------

  No Partitions were found in this design.

-------------------------------

=========================================================================
*                            Design Summary                             *
=========================================================================

Top Level Output File Name         : ALU_param_bitslice.ngc

Primitive and Black Box Usage:
------------------------------
# BELS                             : 2
#      LUT2                        : 1
#      LUT3                        : 1
# FlipFlops/Latches                : 1
#      LD                          : 1
# IO Buffers                       : 6
#      IBUF                        : 5
#      OBUF                        : 1

Device utilization summary:
---------------------------

Selected Device : 6slx45fgg484-3 


Slice Logic Utilization: 
 Number of Slice LUTs:                    2  out of  27288     0%  
    Number used as Logic:                 2  out of  27288     0%  

Slice Logic Distribution: 
 Number of LUT Flip Flop pairs used:      2
   Number with an unused Flip Flop:       2  out of      2   100%  
   Number with an unused LUT:             0  out of      2     0%  
   Number of fully used LUT-FF pairs:     0  out of      2     0%  
   Number of unique control sets:         1

IO Utilization: 
 Number of IOs:                           8
 Number of bonded IOBs:                   6  out of    316     1%  
    IOB Flip Flops/Latches:               1

Specific Feature Utilization:

---------------------------
Partition Resource Summary:
---------------------------

  No Partitions were found in this design.

---------------------------


=========================================================================
Timing Report

NOTE: THESE TIMING NUMBERS ARE ONLY A SYNTHESIS ESTIMATE.
      FOR ACCURATE TIMING INFORMATION PLEASE REFER TO THE TRACE REPORT
      GENERATED AFTER PLACE-and-ROUTE.

Clock Information:
------------------
---------------------------------------------+------------------------+-------+
Clock Signal                                 | Clock buffer(FF name)  | Load  |
---------------------------------------------+------------------------+-------+
c[2]_PWR_2_o_Mux_2_o(c[2]_PWR_2_o_Mux_2_o1:O)| NONE(*)(fout)          | 1     |
---------------------------------------------+------------------------+-------+
(*) This 1 clock signal(s) are generated by combinatorial logic,
and XST is not able to identify which are the primary clock signals.
Please use the CLOCK_SIGNAL constraint to specify the clock signal(s) generated by combinatorial logic.
INFO:Xst:2169 - HDL ADVISOR - Some clock signals were not automatically buffered by XST with BUFG/BUFR resources. Please use the buffer_type constraint in order to insert these buffers to the clock signals to help prevent skew problems.

Asynchronous Control Signals Information:
----------------------------------------
No asynchronous control signals found in this design

Timing Summary:
---------------
Speed Grade: -3

   Minimum period: No path found
   Minimum input arrival time before clock: 2.272ns
   Maximum output required time after clock: 3.648ns
   Maximum combinational path delay: No path found

Timing Details:
---------------
All values displayed in nanoseconds (ns)

=========================================================================
Timing constraint: Default OFFSET IN BEFORE for Clock 'c[2]_PWR_2_o_Mux_2_o'
  Total number of paths / destination ports: 3 / 1
-------------------------------------------------------------------------
Offset:              2.272ns (Levels of Logic = 2)
  Source:            c<0> (PAD)
  Destination:       fout (LATCH)
  Destination Clock: c[2]_PWR_2_o_Mux_2_o falling

  Data Path: c<0> to fout
                                Gate     Net
    Cell:in->out      fanout   Delay   Delay  Logical Name (Net Name)
    ----------------------------------------  ------------
     IBUF:I->O             1   1.222   0.808  c_0_IBUF (c_0_IBUF)
     LUT3:I0->O            1   0.205   0.000  Mmux_c[2]_b[0]_Mux_1_o11 (c[2]_b[0]_Mux_1_o)
     LD:D                      0.037          fout
    ----------------------------------------
    Total                      2.272ns (1.464ns logic, 0.808ns route)
                                       (64.4% logic, 35.6% route)

=========================================================================
Timing constraint: Default OFFSET OUT AFTER for Clock 'c[2]_PWR_2_o_Mux_2_o'
  Total number of paths / destination ports: 1 / 1
-------------------------------------------------------------------------
Offset:              3.648ns (Levels of Logic = 1)
  Source:            fout (LATCH)
  Destination:       fout<0> (PAD)
  Source Clock:      c[2]_PWR_2_o_Mux_2_o falling

  Data Path: fout to fout<0>
                                Gate     Net
    Cell:in->out      fanout   Delay   Delay  Logical Name (Net Name)
    ----------------------------------------  ------------
     LD:G->Q               1   0.498   0.579  fout (fout)
     OBUF:I->O                 2.571          fout_0_OBUF (fout<0>)
    ----------------------------------------
    Total                      3.648ns (3.069ns logic, 0.579ns route)
                                       (84.1% logic, 15.9% route)

=========================================================================

Cross Clock Domains Report:
--------------------------

=========================================================================


Total REAL time to Xst completion: 4.00 secs
Total CPU time to Xst completion: 3.97 secs
 
--> 

Total memory usage is 255580 kilobytes

Number of errors   :    0 (   0 filtered)
Number of warnings :   16 (   0 filtered)
Number of infos    :    2 (   0 filtered)

