--------------------------------------------------------------------------------
Release 13.4 Trace  (nt64)
Copyright (c) 1995-2011 Xilinx, Inc.  All rights reserved.

D:\Xilinx\13.4\ISE_DS\ISE\bin\nt64\unwrapped\trce.exe -intstyle ise -v 3 -s 2
-n 3 -fastpaths -xml dec_param_enab.twx dec_param_enab.ncd -o
dec_param_enab.twr dec_param_enab.pcf

Design file:              dec_param_enab.ncd
Physical constraint file: dec_param_enab.pcf
Device,package,speed:     xc6slx45,fgg484,C,-2 (PRODUCTION 1.21 2012-01-07)
Report level:             verbose report

Environment Variable      Effect 
--------------------      ------ 
NONE                      No environment variables were set
--------------------------------------------------------------------------------

INFO:Timing:2698 - No timing constraints found, doing default enumeration.
INFO:Timing:3412 - To improve timing, see the Timing Closure User Guide (UG612).
INFO:Timing:2752 - To get complete path coverage, use the unconstrained paths 
   option. All paths that are not constrained will be reported in the 
   unconstrained paths section(s) of the report.
INFO:Timing:3339 - The clock-to-out numbers in this timing report are based on 
   a 50 Ohm transmission line loading model.  For the details of this model, 
   and for more information on accounting for different loading conditions, 
   please see the device datasheet.



Data Sheet report:
-----------------
All values displayed in nanoseconds (ns)

Pad to Pad
---------------+---------------+---------+
Source Pad     |Destination Pad|  Delay  |
---------------+---------------+---------+
enab           |d<0>           |    8.701|
enab           |d<1>           |    8.258|
enab           |d<2>           |    8.632|
enab           |d<3>           |    8.362|
enab           |d<4>           |    8.521|
enab           |d<5>           |    8.456|
enab           |d<6>           |    8.868|
enab           |d<7>           |    8.576|
inp<0>         |d<0>           |    8.786|
inp<0>         |d<1>           |    8.343|
inp<0>         |d<2>           |    9.076|
inp<0>         |d<3>           |    8.806|
inp<0>         |d<4>           |    8.343|
inp<0>         |d<5>           |    8.278|
inp<0>         |d<6>           |    8.695|
inp<0>         |d<7>           |    8.403|
inp<1>         |d<0>           |    8.739|
inp<1>         |d<1>           |    8.296|
inp<1>         |d<2>           |    8.805|
inp<1>         |d<3>           |    8.535|
inp<1>         |d<4>           |    8.800|
inp<1>         |d<5>           |    8.735|
inp<1>         |d<6>           |    8.567|
inp<1>         |d<7>           |    8.275|
inp<2>         |d<0>           |    8.757|
inp<2>         |d<1>           |    8.314|
inp<2>         |d<2>           |    8.440|
inp<2>         |d<3>           |    8.170|
inp<2>         |d<4>           |    8.921|
inp<2>         |d<5>           |    8.856|
inp<2>         |d<6>           |    8.743|
inp<2>         |d<7>           |    8.451|
---------------+---------------+---------+


Analysis completed Fri Feb 01 17:54:09 2013 
--------------------------------------------------------------------------------

Trace Settings:
-------------------------
Trace Settings 

Peak Memory Usage: 275 MB



