Release 13.4 - xst O.87xd (nt64)
Copyright (c) 1995-2011 Xilinx, Inc.  All rights reserved.
--> Parameter TMPDIR set to xst/projnav.tmp


Total REAL time to Xst completion: 0.00 secs
Total CPU time to Xst completion: 0.06 secs
 
--> Parameter xsthdpdir set to xst


Total REAL time to Xst completion: 0.00 secs
Total CPU time to Xst completion: 0.06 secs
 
--> Reading design: reg_array_param.prj

TABLE OF CONTENTS
  1) Synthesis Options Summary
  2) HDL Parsing
  3) HDL Elaboration
  4) HDL Synthesis
       4.1) HDL Synthesis Report
  5) Advanced HDL Synthesis
       5.1) Advanced HDL Synthesis Report
  6) Low Level Synthesis
  7) Partition Report
  8) Design Summary
       8.1) Primitive and Black Box Usage
       8.2) Device utilization summary
       8.3) Partition Resource Summary
       8.4) Timing Report
            8.4.1) Clock Information
            8.4.2) Asynchronous Control Signals Information
            8.4.3) Timing Summary
            8.4.4) Timing Details
            8.4.5) Cross Clock Domains Report


=========================================================================
*                      Synthesis Options Summary                        *
=========================================================================
---- Source Parameters
Input File Name                    : "reg_array_param.prj"
Ignore Synthesis Constraint File   : NO

---- Target Parameters
Output File Name                   : "reg_array_param"
Output Format                      : NGC
Target Device                      : xc6slx45-3-fgg484

---- Source Options
Top Module Name                    : reg_array_param
Automatic FSM Extraction           : YES
FSM Encoding Algorithm             : Auto
Safe Implementation                : No
FSM Style                          : LUT
RAM Extraction                     : Yes
RAM Style                          : Auto
ROM Extraction                     : Yes
Shift Register Extraction          : YES
ROM Style                          : Auto
Resource Sharing                   : YES
Asynchronous To Synchronous        : NO
Shift Register Minimum Size        : 2
Use DSP Block                      : Auto
Automatic Register Balancing       : No

---- Target Options
LUT Combining                      : Auto
Reduce Control Sets                : Auto
Add IO Buffers                     : YES
Global Maximum Fanout              : 100000
Add Generic Clock Buffer(BUFG)     : 16
Register Duplication               : YES
Optimize Instantiated Primitives   : NO
Use Clock Enable                   : Auto
Use Synchronous Set                : Auto
Use Synchronous Reset              : Auto
Pack IO Registers into IOBs        : Auto
Equivalent register Removal        : YES

---- General Options
Optimization Goal                  : Speed
Optimization Effort                : 1
Power Reduction                    : NO
Keep Hierarchy                     : No
Netlist Hierarchy                  : As_Optimized
RTL Output                         : Yes
Global Optimization                : AllClockNets
Read Cores                         : YES
Write Timing Constraints           : NO
Cross Clock Analysis               : NO
Hierarchy Separator                : /
Bus Delimiter                      : <>
Case Specifier                     : Maintain
Slice Utilization Ratio            : 100
BRAM Utilization Ratio             : 100
DSP48 Utilization Ratio            : 100
Auto BRAM Packing                  : NO
Slice Utilization Ratio Delta      : 5

=========================================================================

INFO:Xst - Part-select index evaluated to out of bound value may lead to incorrect synthesis results; it is recommended not to use them in RTL

=========================================================================
*                          HDL Parsing                                  *
=========================================================================
Analyzing Verilog file "D:\Users\Hendren\My Documents\School\EE480\DVHW9\reg_array_param\reg_array_param.v" into library work
Parsing module <reg_array_param>.

=========================================================================
*                            HDL Elaboration                            *
=========================================================================

Elaborating module <reg_array_param>.

=========================================================================
*                           HDL Synthesis                               *
=========================================================================

Synthesizing Unit <reg_array_param>.
    Related source file is "d:/users/hendren/my documents/school/ee480/dvhw9/reg_array_param/reg_array_param.v".
        m = 2
        n = 4
    Found 16-bit register for signal <n0017[15:0]>.
    Found 4-bit register for signal <d_out>.
    Found 4-bit 4-to-1 multiplexer for signal <radd[1]_reg_arr[3][3]_wide_mux_1_OUT> created at line 29.
    Summary:
	inferred  20 D-type flip-flop(s).
	inferred   5 Multiplexer(s).
Unit <reg_array_param> synthesized.

=========================================================================
HDL Synthesis Report

Macro Statistics
# Registers                                            : 2
 16-bit register                                       : 1
 4-bit register                                        : 1
# Multiplexers                                         : 5
 4-bit 2-to-1 multiplexer                              : 4
 4-bit 4-to-1 multiplexer                              : 1

=========================================================================

=========================================================================
*                       Advanced HDL Synthesis                          *
=========================================================================


=========================================================================
Advanced HDL Synthesis Report

Macro Statistics
# Registers                                            : 20
 Flip-Flops                                            : 20
# Multiplexers                                         : 20
 1-bit 2-to-1 multiplexer                              : 16
 1-bit 4-to-1 multiplexer                              : 4

=========================================================================

=========================================================================
*                         Low Level Synthesis                           *
=========================================================================

Optimizing unit <reg_array_param> ...

Mapping all equations...
Building and optimizing final netlist ...
Found area constraint ratio of 100 (+ 5) on block reg_array_param, actual ratio is 0.

Final Macro Processing ...

=========================================================================
Final Register Report

Macro Statistics
# Registers                                            : 20
 Flip-Flops                                            : 20

=========================================================================

=========================================================================
*                           Partition Report                            *
=========================================================================

Partition Implementation Status
-------------------------------

  No Partitions were found in this design.

-------------------------------

=========================================================================
*                            Design Summary                             *
=========================================================================

Top Level Output File Name         : reg_array_param.ngc

Primitive and Black Box Usage:
------------------------------
# BELS                             : 21
#      INV                         : 1
#      LUT4                        : 16
#      LUT6                        : 4
# FlipFlops/Latches                : 20
#      FD                          : 4
#      FDRE_1                      : 16
# Clock Buffers                    : 1
#      BUFGP                       : 1
# IO Buffers                       : 14
#      IBUF                        : 10
#      OBUF                        : 4

Device utilization summary:
---------------------------

Selected Device : 6slx45fgg484-3 


Slice Logic Utilization: 
 Number of Slice Registers:              20  out of  54576     0%  
 Number of Slice LUTs:                   21  out of  27288     0%  
    Number used as Logic:                21  out of  27288     0%  

Slice Logic Distribution: 
 Number of LUT Flip Flop pairs used:     21
   Number with an unused Flip Flop:       1  out of     21     4%  
   Number with an unused LUT:             0  out of     21     0%  
   Number of fully used LUT-FF pairs:    20  out of     21    95%  
   Number of unique control sets:         2

IO Utilization: 
 Number of IOs:                          15
 Number of bonded IOBs:                  15  out of    316     4%  

Specific Feature Utilization:
 Number of BUFG/BUFGCTRLs:                1  out of     16     6%  

---------------------------
Partition Resource Summary:
---------------------------

  No Partitions were found in this design.

---------------------------


=========================================================================
Timing Report

NOTE: THESE TIMING NUMBERS ARE ONLY A SYNTHESIS ESTIMATE.
      FOR ACCURATE TIMING INFORMATION PLEASE REFER TO THE TRACE REPORT
      GENERATED AFTER PLACE-and-ROUTE.

Clock Information:
------------------
-----------------------------------+------------------------+-------+
Clock Signal                       | Clock buffer(FF name)  | Load  |
-----------------------------------+------------------------+-------+
clk                                | BUFGP                  | 20    |
-----------------------------------+------------------------+-------+

Asynchronous Control Signals Information:
----------------------------------------
No asynchronous control signals found in this design

Timing Summary:
---------------
Speed Grade: -3

   Minimum period: 3.233ns (Maximum Frequency: 309.358MHz)
   Minimum input arrival time before clock: 3.441ns
   Maximum output required time after clock: 3.597ns
   Maximum combinational path delay: No path found

Timing Details:
---------------
All values displayed in nanoseconds (ns)

=========================================================================
Timing constraint: Default period analysis for Clock 'clk'
  Clock period: 3.233ns (frequency: 309.358MHz)
  Total number of paths / destination ports: 32 / 20
-------------------------------------------------------------------------
Delay:               1.616ns (Levels of Logic = 1)
  Source:            reg_arr_0_4 (FF)
  Destination:       d_out_0 (FF)
  Source Clock:      clk falling
  Destination Clock: clk rising

  Data Path: reg_arr_0_4 to d_out_0
                                Gate     Net
    Cell:in->out      fanout   Delay   Delay  Logical Name (Net Name)
    ----------------------------------------  ------------
     FDRE_1:C->Q           2   0.447   0.864  reg_arr_0_4 (reg_arr_0_4)
     LUT6:I2->O            1   0.203   0.000  mux1611 (radd[1]_reg_arr[3][3]_wide_mux_1_OUT<0>)
     FD:D                      0.102          d_out_0
    ----------------------------------------
    Total                      1.616ns (0.752ns logic, 0.864ns route)
                                       (46.5% logic, 53.5% route)

=========================================================================
Timing constraint: Default OFFSET IN BEFORE for Clock 'clk'
  Total number of paths / destination ports: 88 / 52
-------------------------------------------------------------------------
Offset:              3.441ns (Levels of Logic = 2)
  Source:            clr (PAD)
  Destination:       reg_arr_0_0 (FF)
  Destination Clock: clk falling

  Data Path: clr to reg_arr_0_0
                                Gate     Net
    Cell:in->out      fanout   Delay   Delay  Logical Name (Net Name)
    ----------------------------------------  ------------
     IBUF:I->O             1   1.222   0.579  clr_IBUF (clr_IBUF)
     INV:I->O             16   0.206   1.004  clr_inv1_INV_0 (clr_inv)
     FDRE_1:R                  0.430          reg_arr_0_0
    ----------------------------------------
    Total                      3.441ns (1.858ns logic, 1.583ns route)
                                       (54.0% logic, 46.0% route)

=========================================================================
Timing constraint: Default OFFSET OUT AFTER for Clock 'clk'
  Total number of paths / destination ports: 4 / 4
-------------------------------------------------------------------------
Offset:              3.597ns (Levels of Logic = 1)
  Source:            d_out_3 (FF)
  Destination:       d_out<3> (PAD)
  Source Clock:      clk rising

  Data Path: d_out_3 to d_out<3>
                                Gate     Net
    Cell:in->out      fanout   Delay   Delay  Logical Name (Net Name)
    ----------------------------------------  ------------
     FD:C->Q               1   0.447   0.579  d_out_3 (d_out_3)
     OBUF:I->O                 2.571          d_out_3_OBUF (d_out<3>)
    ----------------------------------------
    Total                      3.597ns (3.018ns logic, 0.579ns route)
                                       (83.9% logic, 16.1% route)

=========================================================================

Cross Clock Domains Report:
--------------------------

Clock to Setup on destination clock clk
---------------+---------+---------+---------+---------+
               | Src:Rise| Src:Fall| Src:Rise| Src:Fall|
Source Clock   |Dest:Rise|Dest:Rise|Dest:Fall|Dest:Fall|
---------------+---------+---------+---------+---------+
clk            |         |    1.616|    1.616|         |
---------------+---------+---------+---------+---------+

=========================================================================


Total REAL time to Xst completion: 5.00 secs
Total CPU time to Xst completion: 4.49 secs
 
--> 

Total memory usage is 255516 kilobytes

Number of errors   :    0 (   0 filtered)
Number of warnings :    0 (   0 filtered)
Number of infos    :    1 (   0 filtered)

