--------------------------------------------------------------------------------
Release 13.4 Trace  (nt64)
Copyright (c) 1995-2011 Xilinx, Inc.  All rights reserved.

D:\Xilinx\13.4\ISE_DS\ISE\bin\nt64\unwrapped\trce.exe -intstyle ise -v 3 -s 3
-n 3 -fastpaths -xml ld_st_rg_struct_generate.twx ld_st_rg_struct_generate.ncd
-o ld_st_rg_struct_generate.twr ld_st_rg_struct_generate.pcf

Design file:              ld_st_rg_struct_generate.ncd
Physical constraint file: ld_st_rg_struct_generate.pcf
Device,package,speed:     xc6slx45,fgg484,C,-3 (PRODUCTION 1.21 2012-01-07)
Report level:             verbose report

Environment Variable      Effect 
--------------------      ------ 
NONE                      No environment variables were set
--------------------------------------------------------------------------------

INFO:Timing:2698 - No timing constraints found, doing default enumeration.
INFO:Timing:3412 - To improve timing, see the Timing Closure User Guide (UG612).
INFO:Timing:2752 - To get complete path coverage, use the unconstrained paths 
   option. All paths that are not constrained will be reported in the 
   unconstrained paths section(s) of the report.
INFO:Timing:3339 - The clock-to-out numbers in this timing report are based on 
   a 50 Ohm transmission line loading model.  For the details of this model, 
   and for more information on accounting for different loading conditions, 
   please see the device datasheet.



Data Sheet report:
-----------------
All values displayed in nanoseconds (ns)

Setup/Hold to clock clk
------------+------------+------------+------------+------------+------------------+--------+
            |Max Setup to|  Process   |Max Hold to |  Process   |                  | Clock  |
Source      | clk (edge) |   Corner   | clk (edge) |   Corner   |Internal Clock(s) | Phase  |
------------+------------+------------+------------+------------+------------------+--------+
clr         |    0.430(R)|      FAST  |    0.615(R)|      SLOW  |clk_BUFGP         |   0.000|
l_s         |    0.628(R)|      FAST  |    0.474(R)|      SLOW  |clk_BUFGP         |   0.000|
set         |    0.400(R)|      FAST  |    0.557(R)|      SLOW  |clk_BUFGP         |   0.000|
sl_in<0>    |    0.290(R)|      FAST  |    0.520(R)|      SLOW  |clk_BUFGP         |   0.000|
sl_in<1>    |    0.260(R)|      FAST  |    0.631(R)|      SLOW  |clk_BUFGP         |   0.000|
sl_in<2>    |    0.304(R)|      FAST  |    0.544(R)|      SLOW  |clk_BUFGP         |   0.000|
sl_in<3>    |    0.244(R)|      FAST  |    0.604(R)|      SLOW  |clk_BUFGP         |   0.000|
------------+------------+------------+------------+------------+------------------+--------+

Clock clk to Pad
------------+-----------------+------------+-----------------+------------+------------------+--------+
            |Max (slowest) clk|  Process   |Min (fastest) clk|  Process   |                  | Clock  |
Destination |  (edge) to PAD  |   Corner   |  (edge) to PAD  |   Corner   |Internal Clock(s) | Phase  |
------------+-----------------+------------+-----------------+------------+------------------+--------+
sl_out<0>   |         7.008(R)|      SLOW  |         3.725(R)|      FAST  |clk_BUFGP         |   0.000|
sl_out<1>   |         7.274(R)|      SLOW  |         3.883(R)|      FAST  |clk_BUFGP         |   0.000|
sl_out<2>   |         7.299(R)|      SLOW  |         3.905(R)|      FAST  |clk_BUFGP         |   0.000|
sl_out<3>   |         7.523(R)|      SLOW  |         4.026(R)|      FAST  |clk_BUFGP         |   0.000|
------------+-----------------+------------+-----------------+------------+------------------+--------+

Clock to Setup on destination clock clk
---------------+---------+---------+---------+---------+
               | Src:Rise| Src:Fall| Src:Rise| Src:Fall|
Source Clock   |Dest:Rise|Dest:Rise|Dest:Fall|Dest:Fall|
---------------+---------+---------+---------+---------+
clk            |    0.899|         |         |         |
---------------+---------+---------+---------+---------+


Analysis completed Fri Feb 15 01:35:37 2013 
--------------------------------------------------------------------------------

Trace Settings:
-------------------------
Trace Settings 

Peak Memory Usage: 273 MB



